Lower entropy is harder to fit
Temperature 1
True dist H: 1.04
SM 128 128 ||| 0.03 <<<
num sv > 1e-5: 127 || H: 1.10 || min/max logit: -9.64/11.50 || temp 1.00
128 128 64 0.6073682904243469
num sv > 1e-5: 54 || H: 1.66 || min/max logit: 5.62/22.84 || temp 1.00
128 128 128 0.33677881956100464
num sv > 1e-5: 81 || H: 1.39 || min/max logit: 6.34/23.79 || temp 1.00
128 128 256 0.14716723561286926
num sv > 1e-5: 108 || H: 1.21 || min/max logit: 7.22/24.66 || temp 1.00
128 128 512 0.05644579604268074
num sv > 1e-5: 123 || H: 1.11 || min/max logit: 7.97/26.20 || temp 1.00
Learn temp
True dist H: 1.04
SM 128 128 ||| 0.03 <<<
num sv > 1e-5: 127 || H: 1.10 || min/max logit: -9.64/11.50 || temp 1.00
128 128 64 0.02695845440030098
num sv > 1e-5: 127 || H: 1.06 || min/max logit: 47.84/133.89 || temp 0.09
128 128 128 0.038216106593608856
num sv > 1e-5: 127 || H: 1.08 || min/max logit: 15.00/40.27 || temp 0.39
128 128 256 0.02220693789422512
num sv > 1e-5: 125 || H: 1.06 || min/max logit: 13.99/36.15 || temp 0.47
128 128 512 0.017706358805298805
num sv > 1e-5: 127 || H: 1.06 || min/max logit: 14.35/36.92 || temp 0.51

Temperature 2
True dist H: 2.33
SM 128 128 ||| 0.03 <<<
num sv > 1e-5: 128 || H: 2.38 || min/max logit: -7.81/9.07 || temp 1.00
128 128 64 0.3312493562698364
num sv > 1e-5: 64 || H: 2.69 || min/max logit: 5.65/20.75 || temp 1.00
128 128 128 0.13294050097465515
num sv > 1e-5: 117 || H: 2.48 || min/max logit: 6.95/21.38 || temp 1.00
128 128 256 0.06174013763666153
num sv > 1e-5: 128 || H: 2.41 || min/max logit: 7.88/21.62 || temp 1.00
128 128 512 0.03675296530127525
num sv > 1e-5: 128 || H: 2.38 || min/max logit: 8.48/23.54 || temp 1.00
Learn temp
True dist H: 2.33
SM 128 128 ||| 0.03 <<<
num sv > 1e-5: 128 || H: 2.38 || min/max logit: -7.81/9.07 || temp 1.00
128 128 64 0.02135106548666954
num sv > 1e-5: 128 || H: 2.35 || min/max logit: 61.83/98.08 || temp 0.07
128 128 128 0.030160319060087204
num sv > 1e-5: 128 || H: 2.36 || min/max logit: 28.12/49.98 || temp 0.21
128 128 256 0.02519390732049942
num sv > 1e-5: 128 || H: 2.36 || min/max logit: 18.24/36.37 || temp 0.37
128 128 512 0.017593272030353546
num sv > 1e-5: 128 || H: 2.35 || min/max logit: 16.14/32.78 || temp 0.46

Temperature 3
True dist H: 3.33
SM 128 128 ||| 0.01 <<<
num sv > 1e-5: 128 || H: 3.35 || min/max logit: -7.31/7.08 || temp 1.00
128 128 64 0.21607151627540588
num sv > 1e-5: 64 || H: 3.59 || min/max logit: 5.77/18.01 || temp 1.00
128 128 128 0.08371937274932861
num sv > 1e-5: 127 || H: 3.44 || min/max logit: 7.03/18.41 || temp 1.00
128 128 256 0.03625078499317169
num sv > 1e-5: 128 || H: 3.38 || min/max logit: 7.80/19.79 || temp 1.00
128 128 512 0.02104831673204899
num sv > 1e-5: 128 || H: 3.36 || min/max logit: 8.40/20.27 || temp 1.00
Learn temp
True dist H: 3.33
SM 128 128 ||| 0.01 <<<
num sv > 1e-5: 128 || H: 3.35 || min/max logit: -7.31/7.08 || temp 1.00
128 128 64 0.00888722576200962
num sv > 1e-5: 128 || H: 3.34 || min/max logit: 61.47/91.98 || temp 0.07
128 128 128 0.014225104823708534
num sv > 1e-5: 128 || H: 3.34 || min/max logit: 36.88/57.61 || temp 0.15
128 128 256 0.01262807846069336
num sv > 1e-5: 128 || H: 3.34 || min/max logit: 21.78/39.66 || temp 0.29
128 128 512 0.009721687994897366
num sv > 1e-5: 128 || H: 3.34 || min/max logit: 17.58/32.24 || temp 0.43

Temperature 4
True dist H: 3.91
SM 128 128 ||| 0.00 <<<
num sv > 1e-5: 128 || H: 3.91 || min/max logit: -5.69/5.74 || temp 1.00
128 128 64 0.12759143114089966
num sv > 1e-5: 64 || H: 4.08 || min/max logit: 5.76/15.42 || temp 1.00
128 128 128 0.05308855324983597
num sv > 1e-5: 127 || H: 3.99 || min/max logit: 6.68/16.79 || temp 1.00
128 128 256 0.020447947084903717
num sv > 1e-5: 128 || H: 3.94 || min/max logit: 7.62/17.11 || temp 1.00
128 128 512 0.00965825654566288
num sv > 1e-5: 128 || H: 3.92 || min/max logit: 8.41/18.50 || temp 1.00
Learn temp
True dist H: 3.91
SM 128 128 ||| 0.00 <<<
num sv > 1e-5: 128 || H: 3.91 || min/max logit: -5.69/5.74 || temp 1.00
128 128 64 0.0027186530642211437
num sv > 1e-5: 128 || H: 3.91 || min/max logit: 58.20/79.53 || temp 0.08
128 128 128 0.0044873361475765705
num sv > 1e-5: 128 || H: 3.92 || min/max logit: 39.52/57.25 || temp 0.13
128 128 256 0.005631063599139452
num sv > 1e-5: 128 || H: 3.92 || min/max logit: 24.88/37.40 || temp 0.26
128 128 512 0.0037477901205420494
num sv > 1e-5: 128 || H: 3.92 || min/max logit: 17.85/29.76 || temp 0.41

Temperature 5
True dist H: 4.23
SM 128 128 ||| 0.00 <<<
num sv > 1e-5: 128 || H: 4.23 || min/max logit: -5.03/4.68 || temp 1.00
128 128 64 0.08183228969573975
num sv > 1e-5: 64 || H: 4.35 || min/max logit: 5.69/14.10 || temp 1.00
128 128 128 0.03345321863889694
num sv > 1e-5: 127 || H: 4.29 || min/max logit: 6.63/15.47 || temp 1.00
128 128 256 0.01252216286957264
num sv > 1e-5: 128 || H: 4.25 || min/max logit: 7.02/15.70 || temp 1.00
128 128 512 0.004408900626003742
num sv > 1e-5: 128 || H: 4.24 || min/max logit: 7.79/16.90 || temp 1.00
Learn temp
True dist H: 4.23
SM 128 128 ||| 0.00 <<<
num sv > 1e-5: 128 || H: 4.23 || min/max logit: -5.03/4.68 || temp 1.00
128 128 64 0.0012102052569389343
num sv > 1e-5: 128 || H: 4.23 || min/max logit: 53.93/71.00 || temp 0.08
128 128 128 0.001695371000096202
num sv > 1e-5: 128 || H: 4.23 || min/max logit: 39.01/53.98 || temp 0.13
128 128 256 0.0019138145726174116
num sv > 1e-5: 128 || H: 4.23 || min/max logit: 26.68/39.51 || temp 0.23
128 128 512 0.0018718945793807507
num sv > 1e-5: 128 || H: 4.23 || min/max logit: 17.07/27.18 || temp 0.41

Higher rank is harder to fit
True dist H: 0.90
SM 64 64 ||| 0.02 <<<
num sv > 1e-5: 64 || H: 0.94 || min/max logit: -7.61/10.77 || temp 1.00
64 64 64 0.20861375331878662
num sv > 1e-5: 45 || H: 1.12 || min/max logit: 5.80/21.96 || temp 1.00
64 64 128 0.18239276111125946
num sv > 1e-5: 53 || H: 1.10 || min/max logit: 6.51/22.46 || temp 1.00
64 64 256 0.03850862756371498
num sv > 1e-5: 64 || H: 0.95 || min/max logit: 6.81/24.72 || temp 1.00
64 64 512 0.026444602757692337
num sv > 1e-5: 62 || H: 0.94 || min/max logit: 8.09/23.98 || temp 1.00
True dist H: 1.04
SM 128 128 ||| 0.03 <<<
num sv > 1e-5: 127 || H: 1.10 || min/max logit: -9.64/11.50 || temp 1.00
128 128 64 0.6073682904243469
num sv > 1e-5: 54 || H: 1.66 || min/max logit: 5.62/22.84 || temp 1.00
128 128 128 0.33677881956100464
num sv > 1e-5: 81 || H: 1.39 || min/max logit: 6.34/23.79 || temp 1.00
128 128 256 0.14716723561286926
num sv > 1e-5: 108 || H: 1.21 || min/max logit: 7.22/24.66 || temp 1.00
128 128 512 0.05644579604268074
num sv > 1e-5: 123 || H: 1.11 || min/max logit: 7.97/26.20 || temp 1.00
True dist H: 1.21
SM 256 256 ||| 0.06 <<<
num sv > 1e-5: 255 || H: 1.32 || min/max logit: -12.24/12.73 || temp 1.00
256 256 64 1.0981473922729492
num sv > 1e-5: 63 || H: 2.33 || min/max logit: 5.07/23.37 || temp 1.00
256 256 128 0.7438989281654358
num sv > 1e-5: 100 || H: 1.98 || min/max logit: 6.23/24.82 || temp 1.00
256 256 256 0.41122567653656006
num sv > 1e-5: 166 || H: 1.65 || min/max logit: 6.75/26.13 || temp 1.00
256 256 512 0.24549466371536255
num sv > 1e-5: 211 || H: 1.49 || min/max logit: 7.71/27.72 || temp 1.00
Learn temp
True dist H: 0.90
SM 64 64 ||| 0.02 <<<
num sv > 1e-5: 64 || H: 0.94 || min/max logit: -7.61/10.77 || temp 1.00
64 64 64 0.05635369196534157
num sv > 1e-5: 64 || H: 0.97 || min/max logit: 10.71/33.56 || temp 0.45
64 64 128 0.02007562294602394
num sv > 1e-5: 63 || H: 0.93 || min/max logit: 11.01/32.64 || temp 0.53
64 64 256 0.008975340984761715
num sv > 1e-5: 64 || H: 0.92 || min/max logit: 11.72/30.21 || temp 0.56
64 64 512 0.0066349389962852
num sv > 1e-5: 63 || H: 0.91 || min/max logit: 12.83/30.84 || temp 0.58
True dist H: 1.04
SM 128 128 ||| 0.03 <<<
num sv > 1e-5: 127 || H: 1.10 || min/max logit: -9.64/11.50 || temp 1.00
128 128 64 0.02695845440030098
num sv > 1e-5: 127 || H: 1.06 || min/max logit: 47.84/133.89 || temp 0.09
128 128 128 0.038216106593608856
num sv > 1e-5: 127 || H: 1.08 || min/max logit: 15.00/40.27 || temp 0.39
128 128 256 0.02220693789422512
num sv > 1e-5: 125 || H: 1.06 || min/max logit: 13.99/36.15 || temp 0.47
128 128 512 0.017706358805298805
num sv > 1e-5: 127 || H: 1.06 || min/max logit: 14.35/36.92 || temp 0.51
True dist H: 1.21
SM 256 256 ||| 0.06 <<<
num sv > 1e-5: 255 || H: 1.32 || min/max logit: -12.24/12.73 || temp 1.00
256 256 64 0.03065851517021656
num sv > 1e-5: 255 || H: 1.24 || min/max logit: 84.40/208.85 || temp 0.05
256 256 128 0.03166394680738449
num sv > 1e-5: 255 || H: 1.24 || min/max logit: 62.70/145.24 || temp 0.08
256 256 256 0.04813218116760254
num sv > 1e-5: 255 || H: 1.27 || min/max logit: 24.47/59.95 || temp 0.26
256 256 512 0.03591666370630264
num sv > 1e-5: 254 || H: 1.25 || min/max logit: 18.40/46.00 || temp 0.39

Higher number of classes (keys) is harder to fit
True dist H: 1.04
SM 128 128 ||| 0.03 <<<
num sv > 1e-5: 127 || H: 1.10 || min/max logit: -9.64/11.50 || temp 1.00
128 128 64 0.6073682904243469
num sv > 1e-5: 54 || H: 1.66 || min/max logit: 5.62/22.84 || temp 1.00
128 128 128 0.33677881956100464
num sv > 1e-5: 81 || H: 1.39 || min/max logit: 6.34/23.79 || temp 1.00
128 128 256 0.14716723561286926
num sv > 1e-5: 108 || H: 1.21 || min/max logit: 7.22/24.66 || temp 1.00
128 128 512 0.05644579604268074
num sv > 1e-5: 123 || H: 1.11 || min/max logit: 7.97/26.20 || temp 1.00
True dist H: 1.13
SM 128 256 ||| 0.04 <<<
num sv > 1e-5: 128 || H: 1.22 || min/max logit: -9.41/12.59 || temp 1.00
128 256 64 0.8687598705291748
num sv > 1e-5: 54 || H: 2.02 || min/max logit: 4.77/22.84 || temp 1.00
128 256 128 0.6094162464141846
num sv > 1e-5: 79 || H: 1.77 || min/max logit: 5.76/25.29 || temp 1.00
128 256 256 0.33365917205810547
num sv > 1e-5: 106 || H: 1.49 || min/max logit: 6.94/27.99 || temp 1.00
128 256 512 0.09874646365642548
num sv > 1e-5: 127 || H: 1.26 || min/max logit: 7.56/26.36 || temp 1.00
True dist H: 1.42
SM 128 512 ||| 0.05 <<<
num sv > 1e-5: 128 || H: 1.51 || min/max logit: -11.42/13.09 || temp 1.00
128 512 64 1.0860040187835693
num sv > 1e-5: 50 || H: 2.52 || min/max logit: 4.75/23.61 || temp 1.00
128 512 128 0.68580162525177
num sv > 1e-5: 83 || H: 2.13 || min/max logit: 5.78/26.36 || temp 1.00
128 512 256 0.3998691141605377
num sv > 1e-5: 111 || H: 1.84 || min/max logit: 6.79/29.54 || temp 1.00
128 512 512 0.24435245990753174
num sv > 1e-5: 127 || H: 1.69 || min/max logit: 7.33/28.74 || temp 1.00
True dist H: 1.62
SM 128 1024 ||| 0.06 <<<
num sv > 1e-5: 128 || H: 1.72 || min/max logit: -11.10/13.55 || temp 1.00
128 1024 64 1.2980016469955444
num sv > 1e-5: 47 || H: 2.94 || min/max logit: 4.27/25.21 || temp 1.00
128 1024 128 0.8759921193122864
num sv > 1e-5: 75 || H: 2.52 || min/max logit: 5.37/26.48 || temp 1.00
128 1024 256 0.5502404570579529
num sv > 1e-5: 102 || H: 2.20 || min/max logit: 5.88/28.85 || temp 1.00
128 1024 512 0.21862556040287018
num sv > 1e-5: 128 || H: 1.87 || min/max logit: 6.95/28.87 || temp 1.00
True dist H: 1.69
SM 128 2048 ||| 0.05 <<<
num sv > 1e-5: 128 || H: 1.80 || min/max logit: -11.81/14.61 || temp 1.00
128 2048 64 1.5674556493759155
num sv > 1e-5: 39 || H: 3.28 || min/max logit: 4.09/24.10 || temp 1.00
128 2048 128 0.9684697389602661
num sv > 1e-5: 70 || H: 2.69 || min/max logit: 4.94/26.09 || temp 1.00
128 2048 256 0.7239581942558289
num sv > 1e-5: 92 || H: 2.45 || min/max logit: 6.08/27.72 || temp 1.00
128 2048 512 0.2891944646835327
num sv > 1e-5: 122 || H: 2.02 || min/max logit: 6.51/28.71 || temp 1.00
Learn temp
True dist H: 1.04
SM 128 128 ||| 0.03 <<<
num sv > 1e-5: 127 || H: 1.10 || min/max logit: -9.64/11.50 || temp 1.00
128 128 64 0.02695845440030098
num sv > 1e-5: 127 || H: 1.06 || min/max logit: 47.84/133.89 || temp 0.09
128 128 128 0.038216106593608856
num sv > 1e-5: 127 || H: 1.08 || min/max logit: 15.00/40.27 || temp 0.39
128 128 256 0.02220693789422512
num sv > 1e-5: 125 || H: 1.06 || min/max logit: 13.99/36.15 || temp 0.47
128 128 512 0.017706358805298805
num sv > 1e-5: 127 || H: 1.06 || min/max logit: 14.35/36.92 || temp 0.51
True dist H: 1.13
SM 128 256 ||| 0.04 <<<
num sv > 1e-5: 128 || H: 1.22 || min/max logit: -9.41/12.59 || temp 1.00
128 256 64 0.030195262283086777
num sv > 1e-5: 128 || H: 1.17 || min/max logit: 59.07/156.19 || temp 0.08
128 256 128 0.030599217861890793
num sv > 1e-5: 128 || H: 1.17 || min/max logit: 39.88/110.43 || temp 0.13
128 256 256 0.03836269676685333
num sv > 1e-5: 128 || H: 1.18 || min/max logit: 14.29/42.00 || temp 0.44
128 256 512 0.024691162630915642
num sv > 1e-5: 128 || H: 1.17 || min/max logit: 14.25/37.61 || temp 0.50
True dist H: 1.42
SM 128 512 ||| 0.05 <<<
num sv > 1e-5: 128 || H: 1.51 || min/max logit: -11.42/13.09 || temp 1.00
128 512 64 0.03203706443309784
num sv > 1e-5: 128 || H: 1.45 || min/max logit: 67.47/190.11 || temp 0.06
128 512 128 0.03580620884895325
num sv > 1e-5: 128 || H: 1.45 || min/max logit: 42.12/114.66 || temp 0.12
128 512 256 0.039740853011608124
num sv > 1e-5: 128 || H: 1.46 || min/max logit: 14.48/44.42 || temp 0.42
128 512 512 0.02761814184486866
num sv > 1e-5: 128 || H: 1.45 || min/max logit: 14.50/41.20 || temp 0.48
True dist H: 1.62
SM 128 1024 ||| 0.06 <<<
num sv > 1e-5: 128 || H: 1.72 || min/max logit: -11.10/13.55 || temp 1.00
128 1024 64 0.04026230797171593
num sv > 1e-5: 128 || H: 1.66 || min/max logit: 59.41/187.81 || temp 0.07
128 1024 128 0.05719268321990967
num sv > 1e-5: 128 || H: 1.68 || min/max logit: 41.50/128.50 || temp 0.12
128 1024 256 0.04129716753959656
num sv > 1e-5: 128 || H: 1.66 || min/max logit: 16.09/48.43 || temp 0.36
128 1024 512 0.03216436505317688
num sv > 1e-5: 128 || H: 1.66 || min/max logit: 13.11/40.62 || temp 0.49
True dist H: 1.69
SM 128 2048 ||| 0.05 <<<
num sv > 1e-5: 128 || H: 1.80 || min/max logit: -11.81/14.61 || temp 1.00
128 2048 64 0.10449874401092529
num sv > 1e-5: 128 || H: 1.80 || min/max logit: 48.96/195.99 || temp 0.08
128 2048 128 0.27713751792907715
num sv > 1e-5: 128 || H: 2.07 || min/max logit: 15.77/56.51 || temp 0.30
128 2048 256 0.1455257534980774
num sv > 1e-5: 128 || H: 1.85 || min/max logit: 12.39/41.95 || temp 0.46
128 2048 512 0.040219951421022415
num sv > 1e-5: 128 || H: 1.74 || min/max logit: 12.71/42.53 || temp 0.51

Lower number of starts (queries) is easier to fit
True dist H: 1.56
SM 32 1024 ||| 0.01 <<<
num sv > 1e-5: 32 || H: 1.60 || min/max logit: -7.70/11.66 || temp 1.00
32 1024 64 0.3790595531463623
num sv > 1e-5: 24 || H: 1.96 || min/max logit: 4.79/23.48 || temp 1.00
32 1024 128 0.2563878297805786
num sv > 1e-5: 29 || H: 1.83 || min/max logit: 5.78/25.52 || temp 1.00
32 1024 256 0.17870666086673737
num sv > 1e-5: 29 || H: 1.76 || min/max logit: 6.66/24.72 || temp 1.00
32 1024 512 0.007316229399293661
num sv > 1e-5: 32 || H: 1.59 || min/max logit: 7.21/28.97 || temp 1.00
Learn temp
True dist H: 1.56
SM 32 1024 ||| 0.01 <<<
num sv > 1e-5: 32 || H: 1.60 || min/max logit: -7.70/11.66 || temp 1.00
32 1024 64 0.31770312786102295
num sv > 1e-5: 32 || H: 1.89 || min/max logit: 7.15/28.58 || temp 0.63
32 1024 128 0.1334812343120575
num sv > 1e-5: 32 || H: 1.70 || min/max logit: 8.92/30.14 || temp 0.62
32 1024 256 0.08990781754255295
num sv > 1e-5: 32 || H: 1.65 || min/max logit: 10.11/34.27 || temp 0.63
32 1024 512 0.003924855962395668
num sv > 1e-5: 32 || H: 1.57 || min/max logit: 11.21/34.28 || temp 0.62

True dist H: 1.50
SM 64 1024 ||| 0.02 <<<
num sv > 1e-5: 64 || H: 1.56 || min/max logit: -8.90/12.56 || temp 1.00
64 1024 64 0.8971332311630249
num sv > 1e-5: 33 || H: 2.41 || min/max logit: 4.86/24.00 || temp 1.00
64 1024 128 0.6329729557037354
num sv > 1e-5: 42 || H: 2.15 || min/max logit: 5.23/24.53 || temp 1.00
64 1024 256 0.2956075072288513
num sv > 1e-5: 55 || H: 1.81 || min/max logit: 6.16/26.86 || temp 1.00
64 1024 512 0.19293054938316345
num sv > 1e-5: 62 || H: 1.71 || min/max logit: 6.72/27.87 || temp 1.00
Learn temp
True dist H: 1.50
SM 64 1024 ||| 0.02 <<<
num sv > 1e-5: 64 || H: 1.56 || min/max logit: -8.90/12.56 || temp 1.00
64 1024 64 0.48262375593185425
num sv > 1e-5: 64 || H: 2.02 || min/max logit: 8.23/37.24 || temp 0.50
64 1024 128 0.13256365060806274
num sv > 1e-5: 64 || H: 1.64 || min/max logit: 9.82/36.40 || temp 0.53
64 1024 256 0.11731895059347153
num sv > 1e-5: 64 || H: 1.62 || min/max logit: 10.53/37.51 || temp 0.56
64 1024 512 0.026735980063676834
num sv > 1e-5: 64 || H: 1.53 || min/max logit: 11.60/37.70 || temp 0.57

True dist H: 1.62
SM 128 1024 ||| 0.06 <<<
num sv > 1e-5: 128 || H: 1.72 || min/max logit: -11.10/13.55 || temp 1.00
128 1024 64 1.2980016469955444
num sv > 1e-5: 47 || H: 2.94 || min/max logit: 4.27/25.21 || temp 1.00
128 1024 128 0.8759921193122864
num sv > 1e-5: 75 || H: 2.52 || min/max logit: 5.37/26.48 || temp 1.00
128 1024 256 0.5502404570579529
num sv > 1e-5: 102 || H: 2.20 || min/max logit: 5.88/28.85 || temp 1.00
128 1024 512 0.21862556040287018
num sv > 1e-5: 128 || H: 1.87 || min/max logit: 6.95/28.87 || temp 1.00
Learn temp
True dist H: 1.62
SM 128 1024 ||| 0.06 <<<
num sv > 1e-5: 128 || H: 1.72 || min/max logit: -11.10/13.55 || temp 1.00
128 1024 64 0.04026230797171593
num sv > 1e-5: 128 || H: 1.66 || min/max logit: 59.41/187.81 || temp 0.07
128 1024 128 0.05719268321990967
num sv > 1e-5: 128 || H: 1.68 || min/max logit: 41.50/128.50 || temp 0.12
128 1024 256 0.04129716753959656
num sv > 1e-5: 128 || H: 1.66 || min/max logit: 16.09/48.43 || temp 0.36
128 1024 512 0.03216436505317688
num sv > 1e-5: 128 || H: 1.66 || min/max logit: 13.11/40.62 || temp 0.49

True dist H: 1.50
SM 256 1024 ||| 0.10 <<<
num sv > 1e-5: 256 || H: 1.66 || min/max logit: -12.66/13.83 || temp 1.00
256 1024 64 1.6867215633392334
num sv > 1e-5: 57 || H: 3.21 || min/max logit: 4.19/23.71 || temp 1.00
256 1024 128 1.2575972080230713
num sv > 1e-5: 103 || H: 2.79 || min/max logit: 5.16/26.19 || temp 1.00
256 1024 256 0.8577214479446411
num sv > 1e-5: 157 || H: 2.39 || min/max logit: 6.39/27.80 || temp 1.00
256 1024 512 0.5680938363075256
num sv > 1e-5: 207 || H: 2.11 || min/max logit: 6.82/29.07 || temp 1.00
Learn temp
True dist H: 1.50
SM 256 1024 ||| 0.10 <<<
num sv > 1e-5: 256 || H: 1.66 || min/max logit: -12.66/13.83 || temp 1.00
256 1024 64 0.043711885809898376
num sv > 1e-5: 256 || H: 1.54 || min/max logit: 99.03/272.77 || temp 0.04
256 1024 128 0.042625460773706436
num sv > 1e-5: 256 || H: 1.54 || min/max logit: 81.50/202.31 || temp 0.06
256 1024 256 0.048660341650247574
num sv > 1e-5: 256 || H: 1.55 || min/max logit: 52.65/129.79 || temp 0.11
256 1024 512 0.06105348467826843
num sv > 1e-5: 256 || H: 1.57 || min/max logit: 21.84/56.99 || temp 0.31

