main.py --devid 0 --model-config configs/hmm-d256-k128.yaml --num-epochs 100 --bsz 4 --patience 8 --save hmm_b4_d256_k128_tvm
{'--bptt': '35',
 '--bsz': '4',
 '--clip': '5',
 '--decay': '4',
 '--devid': '0',
 '--eval-bsz': '1',
 '--lr': '1e-3',
 '--model-config': 'configs/hmm-d256-k128.yaml',
 '--num-checks': '4',
 '--num-epochs': '100',
 '--overfit': False,
 '--patience': '8',
 '--save': 'hmm_b4_d256_k128_tvm',
 '--seed': '1111'}
HmmLm(
  (start_mlp): Sequential(
    (0): ResidualLayer(
      (lin1): Linear(in_features=256, out_features=256, bias=True)
      (lin2): Linear(in_features=256, out_features=256, bias=True)
      (layer_norm): LayerNorm((256,), eps=1e-05, elementwise_affine=True)
    )
    (1): Linear(in_features=256, out_features=1, bias=True)
  )
  (trans_mlp): Sequential(
    (0): ResidualLayer(
      (lin1): Linear(in_features=256, out_features=256, bias=True)
      (lin2): Linear(in_features=256, out_features=256, bias=True)
      (layer_norm): LayerNorm((256,), eps=1e-05, elementwise_affine=True)
    )
    (1): Linear(in_features=256, out_features=128, bias=True)
  )
  (terminal_mlp): Sequential(
    (0): ResidualLayer(
      (lin1): Linear(in_features=256, out_features=256, bias=True)
      (lin2): Linear(in_features=256, out_features=256, bias=True)
      (layer_norm): LayerNorm((256,), eps=1e-05, elementwise_affine=True)
    )
    (1): Linear(in_features=256, out_features=10001, bias=True)
  )
)
Num params, trainable: 3098002, 3098002
Valid eval: log_prob = -430064.59 | xent(word) = 5.83 | ppl = 340.56 | elbo = -6.39 | total_time = 3.54s
Valid eval: log_prob = -420879.47 | xent(word) = 5.71 | ppl = 300.69 | elbo = -6.18 | total_time = 3.59s
Valid eval: log_prob = -416370.50 | xent(word) = 5.64 | ppl = 282.86 | elbo = -6.08 | total_time = 3.80s
Train epoch 0: log_prob = -5422944.50 | xent(word) = 5.83 | ppl = 341.62 | elbo = -6.48 | total_time = 150.47s
Valid epoch 0: log_prob = -416385.06 | xent(word) = 5.65 | ppl = 282.91 | elbo = -6.08 | total_time = 3.82s
Saving model to checkpoints/hmm_b4_d256_k128_tvm/0_5.65.pth
Valid eval: log_prob = -414706.59 | xent(word) = 5.62 | ppl = 276.55 | elbo = -6.04 | total_time = 3.88s
Valid eval: log_prob = -412485.19 | xent(word) = 5.59 | ppl = 268.34 | elbo = -5.99 | total_time = 3.53s
Valid eval: log_prob = -410711.41 | xent(word) = 5.57 | ppl = 261.97 | elbo = -5.98 | total_time = 3.61s
Train epoch 1: log_prob = -5156246.50 | xent(word) = 5.55 | ppl = 256.42 | elbo = -5.94 | total_time = 156.32s
Valid epoch 1: log_prob = -410722.03 | xent(word) = 5.57 | ppl = 262.00 | elbo = -5.98 | total_time = 3.56s
Saving model to checkpoints/hmm_b4_d256_k128_tvm/1_5.57.pth
Valid eval: log_prob = -410193.88 | xent(word) = 5.56 | ppl = 260.13 | elbo = -5.93 | total_time = 3.64s
Valid eval: log_prob = -409328.53 | xent(word) = 5.55 | ppl = 257.10 | elbo = -5.93 | total_time = 3.88s
Valid eval: log_prob = -408319.97 | xent(word) = 5.54 | ppl = 253.61 | elbo = -5.91 | total_time = 3.87s
Train epoch 2: log_prob = -5074670.50 | xent(word) = 5.46 | ppl = 234.87 | elbo = -5.82 | total_time = 157.15s
Valid epoch 2: log_prob = -408322.78 | xent(word) = 5.54 | ppl = 253.62 | elbo = -5.91 | total_time = 3.86s
Saving model to checkpoints/hmm_b4_d256_k128_tvm/2_5.54.pth
Valid eval: log_prob = -409505.97 | xent(word) = 5.55 | ppl = 257.72 | elbo = -5.93 | total_time = 3.88s
Valid eval: log_prob = -409001.25 | xent(word) = 5.55 | ppl = 255.96 | elbo = -5.93 | total_time = 3.90s
Valid eval: log_prob = -407873.53 | xent(word) = 5.53 | ppl = 252.08 | elbo = -5.93 | total_time = 3.89s
Train epoch 3: log_prob = -5041410.00 | xent(word) = 5.42 | ppl = 226.62 | elbo = -5.79 | total_time = 157.70s
Valid epoch 3: log_prob = -407764.44 | xent(word) = 5.53 | ppl = 251.71 | elbo = -5.92 | total_time = 3.89s
Saving model to checkpoints/hmm_b4_d256_k128_tvm/3_5.53.pth
Valid eval: log_prob = -408078.47 | xent(word) = 5.53 | ppl = 252.78 | elbo = -5.89 | total_time = 3.82s
Valid eval: log_prob = -407772.94 | xent(word) = 5.53 | ppl = 251.73 | elbo = -5.91 | total_time = 3.64s
Valid eval: log_prob = -407152.19 | xent(word) = 5.52 | ppl = 249.62 | elbo = -5.91 | total_time = 3.62s
Train epoch 4: log_prob = -5015154.00 | xent(word) = 5.40 | ppl = 220.31 | elbo = -5.74 | total_time = 157.80s
Valid epoch 4: log_prob = -407157.75 | xent(word) = 5.52 | ppl = 249.64 | elbo = -5.91 | total_time = 3.61s
Saving model to checkpoints/hmm_b4_d256_k128_tvm/4_5.52.pth
Valid eval: log_prob = -407458.34 | xent(word) = 5.52 | ppl = 250.66 | elbo = -5.89 | total_time = 4.00s
Valid eval: log_prob = -407329.38 | xent(word) = 5.52 | ppl = 250.23 | elbo = -5.89 | total_time = 3.90s
Valid eval: log_prob = -407601.50 | xent(word) = 5.53 | ppl = 251.15 | elbo = -5.90 | total_time = 3.87s
Train epoch 5: log_prob = -5004444.50 | xent(word) = 5.38 | ppl = 217.78 | elbo = -5.73 | total_time = 157.36s
Valid epoch 5: log_prob = -407755.47 | xent(word) = 5.53 | ppl = 251.67 | elbo = -5.90 | total_time = 3.91s
Valid eval: log_prob = -407483.06 | xent(word) = 5.52 | ppl = 250.75 | elbo = -5.89 | total_time = 3.61s
Valid eval: log_prob = -406866.72 | xent(word) = 5.52 | ppl = 248.66 | elbo = -5.88 | total_time = 3.61s
Valid eval: log_prob = -406674.06 | xent(word) = 5.51 | ppl = 248.01 | elbo = -5.85 | total_time = 3.86s
Train epoch 6: log_prob = -4992405.00 | xent(word) = 5.37 | ppl = 214.98 | elbo = -5.71 | total_time = 156.87s
Valid epoch 6: log_prob = -406669.62 | xent(word) = 5.51 | ppl = 248.00 | elbo = -5.85 | total_time = 3.90s
Saving model to checkpoints/hmm_b4_d256_k128_tvm/6_5.51.pth
Valid eval: log_prob = -406516.97 | xent(word) = 5.51 | ppl = 247.48 | elbo = -5.86 | total_time = 3.95s
Valid eval: log_prob = -407136.69 | xent(word) = 5.52 | ppl = 249.57 | elbo = -5.84 | total_time = 3.59s
Valid eval: log_prob = -406345.53 | xent(word) = 5.51 | ppl = 246.91 | elbo = -5.86 | total_time = 3.62s
Train epoch 7: log_prob = -4980125.50 | xent(word) = 5.36 | ppl = 212.16 | elbo = -5.67 | total_time = 157.13s
Valid epoch 7: log_prob = -406372.00 | xent(word) = 5.51 | ppl = 247.00 | elbo = -5.86 | total_time = 3.63s
Saving model to checkpoints/hmm_b4_d256_k128_tvm/7_5.51.pth
Valid eval: log_prob = -406641.72 | xent(word) = 5.51 | ppl = 247.90 | elbo = -5.85 | total_time = 3.90s
Valid eval: log_prob = -406707.19 | xent(word) = 5.51 | ppl = 248.12 | elbo = -5.84 | total_time = 3.65s
Valid eval: log_prob = -406383.66 | xent(word) = 5.51 | ppl = 247.04 | elbo = -5.87 | total_time = 3.92s
Train epoch 8: log_prob = -4974040.00 | xent(word) = 5.35 | ppl = 210.78 | elbo = -5.66 | total_time = 157.79s
Valid epoch 8: log_prob = -406408.22 | xent(word) = 5.51 | ppl = 247.12 | elbo = -5.87 | total_time = 3.77s
Valid eval: log_prob = -406851.38 | xent(word) = 5.52 | ppl = 248.61 | elbo = -5.86 | total_time = 3.64s
Valid eval: log_prob = -406692.19 | xent(word) = 5.51 | ppl = 248.07 | elbo = -5.83 | total_time = 3.93s
Valid eval: log_prob = -407932.09 | xent(word) = 5.53 | ppl = 252.28 | elbo = -5.86 | total_time = 3.92s
Train epoch 9: log_prob = -4980663.00 | xent(word) = 5.36 | ppl = 212.28 | elbo = -5.67 | total_time = 156.59s
Valid epoch 9: log_prob = -407821.47 | xent(word) = 5.53 | ppl = 251.90 | elbo = -5.86 | total_time = 3.96s
Valid eval: log_prob = -407614.69 | xent(word) = 5.53 | ppl = 251.19 | elbo = -5.86 | total_time = 3.66s
Valid eval: log_prob = -407505.88 | xent(word) = 5.52 | ppl = 250.82 | elbo = -5.85 | total_time = 3.88s
Valid eval: log_prob = -407213.62 | xent(word) = 5.52 | ppl = 249.83 | elbo = -5.85 | total_time = 3.95s
Train epoch 10: log_prob = -4983293.00 | xent(word) = 5.36 | ppl = 212.88 | elbo = -5.66 | total_time = 157.02s
Valid epoch 10: log_prob = -407269.84 | xent(word) = 5.52 | ppl = 250.02 | elbo = -5.85 | total_time = 3.76s
Valid eval: log_prob = -407321.72 | xent(word) = 5.52 | ppl = 250.20 | elbo = -5.84 | total_time = 3.62s
Epoch    44: reducing learning rate of group 0 to 2.5000e-04.
Valid eval: log_prob = -407001.56 | xent(word) = 5.52 | ppl = 249.12 | elbo = -5.83 | total_time = 3.64s
Valid eval: log_prob = -406748.44 | xent(word) = 5.51 | ppl = 248.26 | elbo = -5.83 | total_time = 3.59s
Train epoch 11: log_prob = -4964155.00 | xent(word) = 5.34 | ppl = 208.55 | elbo = -5.64 | total_time = 156.01s
Valid epoch 11: log_prob = -406755.47 | xent(word) = 5.51 | ppl = 248.29 | elbo = -5.83 | total_time = 3.63s
Valid eval: log_prob = -406985.09 | xent(word) = 5.52 | ppl = 249.06 | elbo = -5.83 | total_time = 3.94s
Valid eval: log_prob = -406589.00 | xent(word) = 5.51 | ppl = 247.73 | elbo = -5.83 | total_time = 3.98s
Valid eval: log_prob = -407109.38 | xent(word) = 5.52 | ppl = 249.48 | elbo = -5.83 | total_time = 3.91s
Train epoch 12: log_prob = -4954382.00 | xent(word) = 5.33 | ppl = 206.37 | elbo = -5.62 | total_time = 157.33s
Valid epoch 12: log_prob = -407158.06 | xent(word) = 5.52 | ppl = 249.64 | elbo = -5.82 | total_time = 3.86s
Valid eval: log_prob = -406739.81 | xent(word) = 5.51 | ppl = 248.23 | elbo = -5.83 | total_time = 3.89s
Valid eval: log_prob = -406666.28 | xent(word) = 5.51 | ppl = 247.99 | elbo = -5.83 | total_time = 3.81s
Epoch    53: reducing learning rate of group 0 to 6.2500e-05.
Valid eval: log_prob = -406722.28 | xent(word) = 5.51 | ppl = 248.17 | elbo = -5.82 | total_time = 3.65s
Train epoch 13: log_prob = -4951561.00 | xent(word) = 5.33 | ppl = 205.74 | elbo = -5.62 | total_time = 157.36s
Valid epoch 13: log_prob = -406717.44 | xent(word) = 5.51 | ppl = 248.16 | elbo = -5.82 | total_time = 3.67s
Valid eval: log_prob = -406665.09 | xent(word) = 5.51 | ppl = 247.98 | elbo = -5.83 | total_time = 3.87s
Valid eval: log_prob = -406769.97 | xent(word) = 5.51 | ppl = 248.33 | elbo = -5.82 | total_time = 3.96s
Valid eval: log_prob = -406762.03 | xent(word) = 5.51 | ppl = 248.31 | elbo = -5.82 | total_time = 3.79s
Train epoch 14: log_prob = -4946793.50 | xent(word) = 5.32 | ppl = 204.69 | elbo = -5.61 | total_time = 157.00s
Valid epoch 14: log_prob = -406758.69 | xent(word) = 5.51 | ppl = 248.30 | elbo = -5.82 | total_time = 3.80s
Valid eval: log_prob = -406675.31 | xent(word) = 5.51 | ppl = 248.02 | elbo = -5.82 | total_time = 3.91s
Valid eval: log_prob = -406561.69 | xent(word) = 5.51 | ppl = 247.63 | elbo = -5.82 | total_time = 3.94s
Valid eval: log_prob = -406669.78 | xent(word) = 5.51 | ppl = 248.00 | elbo = -5.82 | total_time = 3.79s
Epoch    62: reducing learning rate of group 0 to 1.5625e-05.
Train epoch 15: log_prob = -4946341.00 | xent(word) = 5.32 | ppl = 204.59 | elbo = -5.61 | total_time = 157.40s
Valid epoch 15: log_prob = -406670.88 | xent(word) = 5.51 | ppl = 248.00 | elbo = -5.82 | total_time = 3.65s
Valid eval: log_prob = -406611.47 | xent(word) = 5.51 | ppl = 247.80 | elbo = -5.82 | total_time = 3.89s
Valid eval: log_prob = -406583.81 | xent(word) = 5.51 | ppl = 247.71 | elbo = -5.82 | total_time = 3.86s
Valid eval: log_prob = -406550.84 | xent(word) = 5.51 | ppl = 247.60 | elbo = -5.82 | total_time = 3.86s
Train epoch 16: log_prob = -4944659.50 | xent(word) = 5.32 | ppl = 204.22 | elbo = -5.60 | total_time = 156.76s
Valid epoch 16: log_prob = -406550.28 | xent(word) = 5.51 | ppl = 247.60 | elbo = -5.82 | total_time = 4.02s
Valid eval: log_prob = -406553.53 | xent(word) = 5.51 | ppl = 247.61 | elbo = -5.82 | total_time = 3.96s
Valid eval: log_prob = -406579.62 | xent(word) = 5.51 | ppl = 247.69 | elbo = -5.82 | total_time = 3.81s
Valid eval: log_prob = -406572.28 | xent(word) = 5.51 | ppl = 247.67 | elbo = -5.82 | total_time = 3.86s
Train epoch 17: log_prob = -4944491.50 | xent(word) = 5.32 | ppl = 204.18 | elbo = -5.60 | total_time = 156.70s
Valid epoch 17: log_prob = -406571.47 | xent(word) = 5.51 | ppl = 247.67 | elbo = -5.82 | total_time = 3.92s
Epoch    71: reducing learning rate of group 0 to 3.9063e-06.
Valid eval: log_prob = -406560.78 | xent(word) = 5.51 | ppl = 247.63 | elbo = -5.82 | total_time = 3.59s
Valid eval: log_prob = -406564.97 | xent(word) = 5.51 | ppl = 247.65 | elbo = -5.82 | total_time = 3.69s
Valid eval: log_prob = -406584.22 | xent(word) = 5.51 | ppl = 247.71 | elbo = -5.82 | total_time = 3.87s
Train epoch 18: log_prob = -4944002.00 | xent(word) = 5.32 | ppl = 204.07 | elbo = -5.60 | total_time = 156.63s
Valid epoch 18: log_prob = -406584.59 | xent(word) = 5.51 | ppl = 247.71 | elbo = -5.82 | total_time = 3.88s
Valid eval: log_prob = -406576.69 | xent(word) = 5.51 | ppl = 247.68 | elbo = -5.82 | total_time = 3.65s
Valid eval: log_prob = -406546.97 | xent(word) = 5.51 | ppl = 247.59 | elbo = -5.82 | total_time = 3.90s
Valid eval: log_prob = -406575.53 | xent(word) = 5.51 | ppl = 247.68 | elbo = -5.82 | total_time = 3.90s
Train epoch 19: log_prob = -4943947.50 | xent(word) = 5.32 | ppl = 204.06 | elbo = -5.60 | total_time = 156.96s
Valid epoch 19: log_prob = -406575.69 | xent(word) = 5.51 | ppl = 247.68 | elbo = -5.82 | total_time = 3.92s
Valid eval: log_prob = -406580.69 | xent(word) = 5.51 | ppl = 247.70 | elbo = -5.82 | total_time = 3.92s
Epoch    80: reducing learning rate of group 0 to 9.7656e-07.
Valid eval: log_prob = -406584.72 | xent(word) = 5.51 | ppl = 247.71 | elbo = -5.82 | total_time = 3.67s
Valid eval: log_prob = -406573.75 | xent(word) = 5.51 | ppl = 247.67 | elbo = -5.82 | total_time = 3.92s
Train epoch 20: log_prob = -4943859.00 | xent(word) = 5.32 | ppl = 204.04 | elbo = -5.60 | total_time = 156.93s
Valid epoch 20: log_prob = -406573.81 | xent(word) = 5.51 | ppl = 247.68 | elbo = -5.82 | total_time = 3.84s
Valid eval: log_prob = -406581.16 | xent(word) = 5.51 | ppl = 247.70 | elbo = -5.82 | total_time = 3.90s
Valid eval: log_prob = -406580.31 | xent(word) = 5.51 | ppl = 247.70 | elbo = -5.82 | total_time = 3.87s
Valid eval: log_prob = -406561.62 | xent(word) = 5.51 | ppl = 247.63 | elbo = -5.82 | total_time = 3.63s
Train epoch 21: log_prob = -4943800.00 | xent(word) = 5.32 | ppl = 204.03 | elbo = -5.60 | total_time = 157.36s
Valid epoch 21: log_prob = -406561.47 | xent(word) = 5.51 | ppl = 247.63 | elbo = -5.82 | total_time = 3.65s
Valid eval: log_prob = -406566.62 | xent(word) = 5.51 | ppl = 247.65 | elbo = -5.82 | total_time = 3.92s
Valid eval: log_prob = -406569.88 | xent(word) = 5.51 | ppl = 247.66 | elbo = -5.82 | total_time = 3.62s
Epoch    89: reducing learning rate of group 0 to 2.4414e-07.
Valid eval: log_prob = -406566.50 | xent(word) = 5.51 | ppl = 247.65 | elbo = -5.82 | total_time = 3.65s
Train epoch 22: log_prob = -4943790.00 | xent(word) = 5.32 | ppl = 204.03 | elbo = -5.60 | total_time = 156.44s
Valid epoch 22: log_prob = -406566.53 | xent(word) = 5.51 | ppl = 247.65 | elbo = -5.82 | total_time = 3.98s
Valid eval: log_prob = -406566.81 | xent(word) = 5.51 | ppl = 247.65 | elbo = -5.82 | total_time = 3.96s
Valid eval: log_prob = -406568.91 | xent(word) = 5.51 | ppl = 247.66 | elbo = -5.82 | total_time = 3.83s
Valid eval: log_prob = -406566.72 | xent(word) = 5.51 | ppl = 247.65 | elbo = -5.82 | total_time = 3.60s
Train epoch 23: log_prob = -4943758.50 | xent(word) = 5.32 | ppl = 204.02 | elbo = -5.60 | total_time = 158.01s
Valid epoch 23: log_prob = -406566.62 | xent(word) = 5.51 | ppl = 247.65 | elbo = -5.82 | total_time = 3.57s
Valid eval: log_prob = -406567.06 | xent(word) = 5.51 | ppl = 247.65 | elbo = -5.82 | total_time = 3.94s
Valid eval: log_prob = -406566.62 | xent(word) = 5.51 | ppl = 247.65 | elbo = -5.82 | total_time = 3.63s
Valid eval: log_prob = -406568.22 | xent(word) = 5.51 | ppl = 247.66 | elbo = -5.82 | total_time = 3.60s
Epoch    98: reducing learning rate of group 0 to 6.1035e-08.
Train epoch 24: log_prob = -4943746.00 | xent(word) = 5.32 | ppl = 204.02 | elbo = -5.60 | total_time = 156.68s
Valid epoch 24: log_prob = -406568.19 | xent(word) = 5.51 | ppl = 247.66 | elbo = -5.82 | total_time = 3.64s
Valid eval: log_prob = -406569.00 | xent(word) = 5.51 | ppl = 247.66 | elbo = -5.82 | total_time = 3.91s
Valid eval: log_prob = -406568.75 | xent(word) = 5.51 | ppl = 247.66 | elbo = -5.82 | total_time = 3.83s
Valid eval: log_prob = -406567.84 | xent(word) = 5.51 | ppl = 247.66 | elbo = -5.82 | total_time = 3.91s
Train epoch 25: log_prob = -4943743.50 | xent(word) = 5.32 | ppl = 204.02 | elbo = -5.60 | total_time = 157.04s
Valid epoch 25: log_prob = -406567.56 | xent(word) = 5.51 | ppl = 247.65 | elbo = -5.82 | total_time = 3.60s
Valid eval: log_prob = -406566.78 | xent(word) = 5.51 | ppl = 247.65 | elbo = -5.82 | total_time = 3.89s
Valid eval: log_prob = -406567.16 | xent(word) = 5.51 | ppl = 247.65 | elbo = -5.82 | total_time = 3.93s
Valid eval: log_prob = -406566.91 | xent(word) = 5.51 | ppl = 247.65 | elbo = -5.82 | total_time = 3.80s
Train epoch 26: log_prob = -4943752.00 | xent(word) = 5.32 | ppl = 204.02 | elbo = -5.60 | total_time = 156.70s
Valid epoch 26: log_prob = -406566.91 | xent(word) = 5.51 | ppl = 247.65 | elbo = -5.82 | total_time = 3.89s
Epoch   107: reducing learning rate of group 0 to 1.5259e-08.
Valid eval: log_prob = -406566.25 | xent(word) = 5.51 | ppl = 247.65 | elbo = -5.82 | total_time = 3.61s
Valid eval: log_prob = -406566.47 | xent(word) = 5.51 | ppl = 247.65 | elbo = -5.82 | total_time = 3.69s
Valid eval: log_prob = -406566.19 | xent(word) = 5.51 | ppl = 247.65 | elbo = -5.82 | total_time = 3.61s
Train epoch 27: log_prob = -4943739.00 | xent(word) = 5.32 | ppl = 204.02 | elbo = -5.60 | total_time = 156.24s
Valid epoch 27: log_prob = -406566.19 | xent(word) = 5.51 | ppl = 247.65 | elbo = -5.82 | total_time = 3.62s
Valid eval: log_prob = -406566.22 | xent(word) = 5.51 | ppl = 247.65 | elbo = -5.82 | total_time = 3.96s
Valid eval: log_prob = -406566.03 | xent(word) = 5.51 | ppl = 247.65 | elbo = -5.82 | total_time = 3.59s
Valid eval: log_prob = -406566.03 | xent(word) = 5.51 | ppl = 247.65 | elbo = -5.82 | total_time = 3.90s
Train epoch 28: log_prob = -4943750.00 | xent(word) = 5.32 | ppl = 204.02 | elbo = -5.60 | total_time = 157.31s
Valid epoch 28: log_prob = -406566.03 | xent(word) = 5.51 | ppl = 247.65 | elbo = -5.82 | total_time = 3.84s
Valid eval: log_prob = -406566.12 | xent(word) = 5.51 | ppl = 247.65 | elbo = -5.82 | total_time = 3.63s
Epoch   116: reducing learning rate of group 0 to 3.8147e-09.
Valid eval: log_prob = -406566.12 | xent(word) = 5.51 | ppl = 247.65 | elbo = -5.82 | total_time = 3.93s
Valid eval: log_prob = -406566.03 | xent(word) = 5.51 | ppl = 247.65 | elbo = -5.82 | total_time = 3.78s
Train epoch 29: log_prob = -4943743.00 | xent(word) = 5.32 | ppl = 204.02 | elbo = -5.60 | total_time = 156.51s
Valid epoch 29: log_prob = -406565.72 | xent(word) = 5.51 | ppl = 247.65 | elbo = -5.82 | total_time = 3.92s
Valid eval: log_prob = -406566.03 | xent(word) = 5.51 | ppl = 247.65 | elbo = -5.82 | total_time = 3.89s
Valid eval: log_prob = -406566.00 | xent(word) = 5.51 | ppl = 247.65 | elbo = -5.82 | total_time = 3.92s
Valid eval: log_prob = -406565.72 | xent(word) = 5.51 | ppl = 247.65 | elbo = -5.82 | total_time = 3.77s
Train epoch 30: log_prob = -4943736.00 | xent(word) = 5.32 | ppl = 204.02 | elbo = -5.60 | total_time = 157.11s
Valid epoch 30: log_prob = -406565.72 | xent(word) = 5.51 | ppl = 247.65 | elbo = -5.82 | total_time = 3.93s
Valid eval: log_prob = -406565.72 | xent(word) = 5.51 | ppl = 247.65 | elbo = -5.82 | total_time = 3.59s
Valid eval: log_prob = -406565.66 | xent(word) = 5.51 | ppl = 247.65 | elbo = -5.82 | total_time = 3.64s
Valid eval: log_prob = -406565.69 | xent(word) = 5.51 | ppl = 247.65 | elbo = -5.82 | total_time = 3.85s
Train epoch 31: log_prob = -4943749.00 | xent(word) = 5.32 | ppl = 204.02 | elbo = -5.60 | total_time = 156.16s
Valid epoch 31: log_prob = -406565.66 | xent(word) = 5.51 | ppl = 247.65 | elbo = -5.82 | total_time = 3.64s
Valid eval: log_prob = -406565.66 | xent(word) = 5.51 | ppl = 247.65 | elbo = -5.82 | total_time = 3.89s
Valid eval: log_prob = -406565.84 | xent(word) = 5.51 | ppl = 247.65 | elbo = -5.82 | total_time = 3.90s
Valid eval: log_prob = -406565.84 | xent(word) = 5.51 | ppl = 247.65 | elbo = -5.82 | total_time = 3.68s
Train epoch 32: log_prob = -4943751.50 | xent(word) = 5.32 | ppl = 204.02 | elbo = -5.60 | total_time = 156.39s
Valid epoch 32: log_prob = -406565.88 | xent(word) = 5.51 | ppl = 247.65 | elbo = -5.82 | total_time = 4.02s
Valid eval: log_prob = -406565.62 | xent(word) = 5.51 | ppl = 247.65 | elbo = -5.82 | total_time = 3.90s
Valid eval: log_prob = -406565.59 | xent(word) = 5.51 | ppl = 247.65 | elbo = -5.82 | total_time = 3.88s
Valid eval: log_prob = -406565.59 | xent(word) = 5.51 | ppl = 247.65 | elbo = -5.82 | total_time = 3.88s
Train epoch 33: log_prob = -4943749.50 | xent(word) = 5.32 | ppl = 204.02 | elbo = -5.60 | total_time = 156.88s
Valid epoch 33: log_prob = -406565.59 | xent(word) = 5.51 | ppl = 247.65 | elbo = -5.82 | total_time = 3.65s
Valid eval: log_prob = -406565.81 | xent(word) = 5.51 | ppl = 247.65 | elbo = -5.82 | total_time = 3.62s
Valid eval: log_prob = -406565.84 | xent(word) = 5.51 | ppl = 247.65 | elbo = -5.82 | total_time = 3.89s
Valid eval: log_prob = -406565.81 | xent(word) = 5.51 | ppl = 247.65 | elbo = -5.82 | total_time = 3.88s
Train epoch 34: log_prob = -4943742.00 | xent(word) = 5.32 | ppl = 204.02 | elbo = -5.60 | total_time = 157.05s
Valid epoch 34: log_prob = -406565.78 | xent(word) = 5.51 | ppl = 247.65 | elbo = -5.82 | total_time = 3.96s
Valid eval: log_prob = -406565.59 | xent(word) = 5.51 | ppl = 247.65 | elbo = -5.82 | total_time = 3.64s
Valid eval: log_prob = -406565.53 | xent(word) = 5.51 | ppl = 247.65 | elbo = -5.82 | total_time = 3.66s
Valid eval: log_prob = -406565.44 | xent(word) = 5.51 | ppl = 247.65 | elbo = -5.82 | total_time = 3.64s
Train epoch 35: log_prob = -4943740.50 | xent(word) = 5.32 | ppl = 204.02 | elbo = -5.60 | total_time = 155.60s
Valid epoch 35: log_prob = -406565.44 | xent(word) = 5.51 | ppl = 247.65 | elbo = -5.82 | total_time = 3.64s
Valid eval: log_prob = -406565.41 | xent(word) = 5.51 | ppl = 247.65 | elbo = -5.82 | total_time = 3.90s
Valid eval: log_prob = -406565.69 | xent(word) = 5.51 | ppl = 247.65 | elbo = -5.82 | total_time = 3.59s
Valid eval: log_prob = -406565.69 | xent(word) = 5.51 | ppl = 247.65 | elbo = -5.82 | total_time = 3.84s
Train epoch 36: log_prob = -4943763.50 | xent(word) = 5.32 | ppl = 204.02 | elbo = -5.60 | total_time = 156.34s
Valid epoch 36: log_prob = -406565.69 | xent(word) = 5.51 | ppl = 247.65 | elbo = -5.82 | total_time = 3.93s
Valid eval: log_prob = -406565.31 | xent(word) = 5.51 | ppl = 247.65 | elbo = -5.82 | total_time = 3.85s
Valid eval: log_prob = -406565.38 | xent(word) = 5.51 | ppl = 247.65 | elbo = -5.82 | total_time = 3.75s
Valid eval: log_prob = -406565.59 | xent(word) = 5.51 | ppl = 247.65 | elbo = -5.82 | total_time = 3.59s
Train epoch 37: log_prob = -4943744.00 | xent(word) = 5.32 | ppl = 204.02 | elbo = -5.60 | total_time = 157.68s
Valid epoch 37: log_prob = -406565.59 | xent(word) = 5.51 | ppl = 247.65 | elbo = -5.82 | total_time = 3.64s
Valid eval: log_prob = -406565.38 | xent(word) = 5.51 | ppl = 247.65 | elbo = -5.82 | total_time = 3.71s
Valid eval: log_prob = -406565.34 | xent(word) = 5.51 | ppl = 247.65 | elbo = -5.82 | total_time = 3.85s
Valid eval: log_prob = -406565.59 | xent(word) = 5.51 | ppl = 247.65 | elbo = -5.82 | total_time = 3.71s
Train epoch 38: log_prob = -4943740.50 | xent(word) = 5.32 | ppl = 204.02 | elbo = -5.60 | total_time = 156.29s
Valid epoch 38: log_prob = -406565.59 | xent(word) = 5.51 | ppl = 247.65 | elbo = -5.82 | total_time = 3.66s
Valid eval: log_prob = -406565.34 | xent(word) = 5.51 | ppl = 247.65 | elbo = -5.82 | total_time = 3.92s
Valid eval: log_prob = -406565.50 | xent(word) = 5.51 | ppl = 247.65 | elbo = -5.82 | total_time = 3.68s
Valid eval: log_prob = -406565.19 | xent(word) = 5.51 | ppl = 247.65 | elbo = -5.82 | total_time = 3.61s
Train epoch 39: log_prob = -4943756.50 | xent(word) = 5.32 | ppl = 204.02 | elbo = -5.60 | total_time = 156.16s
Valid epoch 39: log_prob = -406565.19 | xent(word) = 5.51 | ppl = 247.65 | elbo = -5.82 | total_time = 3.69s
Valid eval: log_prob = -406565.53 | xent(word) = 5.51 | ppl = 247.65 | elbo = -5.82 | total_time = 3.61s
Valid eval: log_prob = -406565.12 | xent(word) = 5.51 | ppl = 247.65 | elbo = -5.82 | total_time = 3.87s
Valid eval: log_prob = -406565.06 | xent(word) = 5.51 | ppl = 247.65 | elbo = -5.82 | total_time = 3.89s
Train epoch 40: log_prob = -4943746.50 | xent(word) = 5.32 | ppl = 204.02 | elbo = -5.60 | total_time = 156.76s
Valid epoch 40: log_prob = -406565.06 | xent(word) = 5.51 | ppl = 247.65 | elbo = -5.82 | total_time = 3.94s
Valid eval: log_prob = -406565.16 | xent(word) = 5.51 | ppl = 247.65 | elbo = -5.82 | total_time = 3.63s
Valid eval: log_prob = -406565.06 | xent(word) = 5.51 | ppl = 247.65 | elbo = -5.82 | total_time = 4.02s
Valid eval: log_prob = -406565.16 | xent(word) = 5.51 | ppl = 247.65 | elbo = -5.82 | total_time = 3.91s
Train epoch 41: log_prob = -4943763.00 | xent(word) = 5.32 | ppl = 204.02 | elbo = -5.60 | total_time = 156.86s
Valid epoch 41: log_prob = -406565.16 | xent(word) = 5.51 | ppl = 247.65 | elbo = -5.82 | total_time = 3.95s
Valid eval: log_prob = -406565.38 | xent(word) = 5.51 | ppl = 247.65 | elbo = -5.82 | total_time = 3.88s
Valid eval: log_prob = -406565.00 | xent(word) = 5.51 | ppl = 247.65 | elbo = -5.82 | total_time = 3.59s
Valid eval: log_prob = -406565.03 | xent(word) = 5.51 | ppl = 247.65 | elbo = -5.82 | total_time = 3.84s
Train epoch 42: log_prob = -4943756.00 | xent(word) = 5.32 | ppl = 204.02 | elbo = -5.60 | total_time = 157.30s
Valid epoch 42: log_prob = -406565.03 | xent(word) = 5.51 | ppl = 247.65 | elbo = -5.82 | total_time = 3.92s
Valid eval: log_prob = -406565.34 | xent(word) = 5.51 | ppl = 247.65 | elbo = -5.82 | total_time = 3.62s
Valid eval: log_prob = -406564.94 | xent(word) = 5.51 | ppl = 247.65 | elbo = -5.82 | total_time = 3.66s
Valid eval: log_prob = -406564.94 | xent(word) = 5.51 | ppl = 247.65 | elbo = -5.82 | total_time = 3.67s
Train epoch 43: log_prob = -4943754.00 | xent(word) = 5.32 | ppl = 204.02 | elbo = -5.60 | total_time = 156.26s
Valid epoch 43: log_prob = -406564.94 | xent(word) = 5.51 | ppl = 247.65 | elbo = -5.82 | total_time = 3.63s
Valid eval: log_prob = -406564.94 | xent(word) = 5.51 | ppl = 247.65 | elbo = -5.82 | total_time = 3.62s
Valid eval: log_prob = -406564.91 | xent(word) = 5.51 | ppl = 247.65 | elbo = -5.82 | total_time = 3.65s
Valid eval: log_prob = -406564.94 | xent(word) = 5.51 | ppl = 247.65 | elbo = -5.82 | total_time = 3.63s
Train epoch 44: log_prob = -4943746.00 | xent(word) = 5.32 | ppl = 204.02 | elbo = -5.60 | total_time = 156.40s
Valid epoch 44: log_prob = -406564.94 | xent(word) = 5.51 | ppl = 247.65 | elbo = -5.82 | total_time = 3.67s
Valid eval: log_prob = -406565.22 | xent(word) = 5.51 | ppl = 247.65 | elbo = -5.82 | total_time = 3.71s
Valid eval: log_prob = -406564.91 | xent(word) = 5.51 | ppl = 247.65 | elbo = -5.82 | total_time = 3.79s
Valid eval: log_prob = -406565.25 | xent(word) = 5.51 | ppl = 247.65 | elbo = -5.82 | total_time = 3.80s
Train epoch 45: log_prob = -4943752.50 | xent(word) = 5.32 | ppl = 204.02 | elbo = -5.60 | total_time = 156.51s
Valid epoch 45: log_prob = -406565.19 | xent(word) = 5.51 | ppl = 247.65 | elbo = -5.82 | total_time = 3.93s
Valid eval: log_prob = -406564.88 | xent(word) = 5.51 | ppl = 247.65 | elbo = -5.82 | total_time = 3.64s
Valid eval: log_prob = -406564.91 | xent(word) = 5.51 | ppl = 247.65 | elbo = -5.82 | total_time = 3.64s
Valid eval: log_prob = -406564.72 | xent(word) = 5.51 | ppl = 247.64 | elbo = -5.82 | total_time = 3.82s
Train epoch 46: log_prob = -4943765.00 | xent(word) = 5.32 | ppl = 204.02 | elbo = -5.60 | total_time = 157.32s
Valid epoch 46: log_prob = -406564.72 | xent(word) = 5.51 | ppl = 247.64 | elbo = -5.82 | total_time = 3.72s
Valid eval: log_prob = -406565.03 | xent(word) = 5.51 | ppl = 247.65 | elbo = -5.82 | total_time = 3.65s
Valid eval: log_prob = -406565.00 | xent(word) = 5.51 | ppl = 247.65 | elbo = -5.82 | total_time = 3.62s
Valid eval: log_prob = -406564.81 | xent(word) = 5.51 | ppl = 247.64 | elbo = -5.82 | total_time = 3.58s
Train epoch 47: log_prob = -4943749.50 | xent(word) = 5.32 | ppl = 204.02 | elbo = -5.60 | total_time = 156.29s
Valid epoch 47: log_prob = -406564.81 | xent(word) = 5.51 | ppl = 247.64 | elbo = -5.82 | total_time = 3.67s
Valid eval: log_prob = -406565.03 | xent(word) = 5.51 | ppl = 247.65 | elbo = -5.82 | total_time = 3.92s
Valid eval: log_prob = -406565.00 | xent(word) = 5.51 | ppl = 247.65 | elbo = -5.82 | total_time = 3.69s
Valid eval: log_prob = -406564.88 | xent(word) = 5.51 | ppl = 247.65 | elbo = -5.82 | total_time = 3.76s
Train epoch 48: log_prob = -4943740.00 | xent(word) = 5.32 | ppl = 204.02 | elbo = -5.60 | total_time = 157.15s
Valid epoch 48: log_prob = -406564.88 | xent(word) = 5.51 | ppl = 247.65 | elbo = -5.82 | total_time = 3.67s
Valid eval: log_prob = -406564.97 | xent(word) = 5.51 | ppl = 247.65 | elbo = -5.82 | total_time = 3.89s
Valid eval: log_prob = -406564.72 | xent(word) = 5.51 | ppl = 247.64 | elbo = -5.82 | total_time = 3.61s
Valid eval: log_prob = -406564.94 | xent(word) = 5.51 | ppl = 247.65 | elbo = -5.82 | total_time = 3.68s
Train epoch 49: log_prob = -4943737.50 | xent(word) = 5.32 | ppl = 204.02 | elbo = -5.60 | total_time = 156.92s
Valid epoch 49: log_prob = -406564.94 | xent(word) = 5.51 | ppl = 247.65 | elbo = -5.82 | total_time = 3.66s
Valid eval: log_prob = -406564.91 | xent(word) = 5.51 | ppl = 247.65 | elbo = -5.82 | total_time = 3.85s
Valid eval: log_prob = -406564.78 | xent(word) = 5.51 | ppl = 247.64 | elbo = -5.82 | total_time = 3.97s
Valid eval: log_prob = -406564.56 | xent(word) = 5.51 | ppl = 247.64 | elbo = -5.82 | total_time = 3.63s
Train epoch 50: log_prob = -4943737.50 | xent(word) = 5.32 | ppl = 204.02 | elbo = -5.60 | total_time = 157.23s
Valid epoch 50: log_prob = -406564.53 | xent(word) = 5.51 | ppl = 247.64 | elbo = -5.82 | total_time = 3.65s
Valid eval: log_prob = -406564.88 | xent(word) = 5.51 | ppl = 247.65 | elbo = -5.82 | total_time = 3.98s
Valid eval: log_prob = -406564.97 | xent(word) = 5.51 | ppl = 247.65 | elbo = -5.82 | total_time = 3.59s
Valid eval: log_prob = -406564.50 | xent(word) = 5.51 | ppl = 247.64 | elbo = -5.82 | total_time = 3.93s
Train epoch 51: log_prob = -4943753.00 | xent(word) = 5.32 | ppl = 204.02 | elbo = -5.60 | total_time = 157.66s
Valid epoch 51: log_prob = -406564.50 | xent(word) = 5.51 | ppl = 247.64 | elbo = -5.82 | total_time = 3.71s
Valid eval: log_prob = -406564.84 | xent(word) = 5.51 | ppl = 247.65 | elbo = -5.82 | total_time = 3.65s
Valid eval: log_prob = -406564.44 | xent(word) = 5.51 | ppl = 247.64 | elbo = -5.82 | total_time = 3.60s
Valid eval: log_prob = -406564.75 | xent(word) = 5.51 | ppl = 247.64 | elbo = -5.82 | total_time = 3.81s
Train epoch 52: log_prob = -4943736.00 | xent(word) = 5.32 | ppl = 204.02 | elbo = -5.60 | total_time = 156.34s
Valid epoch 52: log_prob = -406564.69 | xent(word) = 5.51 | ppl = 247.64 | elbo = -5.82 | total_time = 3.71s
Valid eval: log_prob = -406564.44 | xent(word) = 5.51 | ppl = 247.64 | elbo = -5.82 | total_time = 3.98s
Valid eval: log_prob = -406564.50 | xent(word) = 5.51 | ppl = 247.64 | elbo = -5.82 | total_time = 3.64s
Valid eval: log_prob = -406564.81 | xent(word) = 5.51 | ppl = 247.64 | elbo = -5.82 | total_time = 3.81s
Train epoch 53: log_prob = -4943747.00 | xent(word) = 5.32 | ppl = 204.02 | elbo = -5.60 | total_time = 156.90s
Valid epoch 53: log_prob = -406564.81 | xent(word) = 5.51 | ppl = 247.64 | elbo = -5.82 | total_time = 3.63s
Valid eval: log_prob = -406564.34 | xent(word) = 5.51 | ppl = 247.64 | elbo = -5.82 | total_time = 3.63s
Valid eval: log_prob = -406564.41 | xent(word) = 5.51 | ppl = 247.64 | elbo = -5.82 | total_time = 3.67s
Valid eval: log_prob = -406564.34 | xent(word) = 5.51 | ppl = 247.64 | elbo = -5.82 | total_time = 3.66s
Train epoch 54: log_prob = -4943742.50 | xent(word) = 5.32 | ppl = 204.02 | elbo = -5.60 | total_time = 155.85s
Valid epoch 54: log_prob = -406564.34 | xent(word) = 5.51 | ppl = 247.64 | elbo = -5.82 | total_time = 3.66s
Valid eval: log_prob = -406564.44 | xent(word) = 5.51 | ppl = 247.64 | elbo = -5.82 | total_time = 3.95s
Valid eval: log_prob = -406564.41 | xent(word) = 5.51 | ppl = 247.64 | elbo = -5.82 | total_time = 3.90s
Valid eval: log_prob = -406564.28 | xent(word) = 5.51 | ppl = 247.64 | elbo = -5.82 | total_time = 3.70s
Train epoch 55: log_prob = -4943739.00 | xent(word) = 5.32 | ppl = 204.02 | elbo = -5.60 | total_time = 156.43s
Valid epoch 55: log_prob = -406564.22 | xent(word) = 5.51 | ppl = 247.64 | elbo = -5.82 | total_time = 3.62s
Valid eval: log_prob = -406564.34 | xent(word) = 5.51 | ppl = 247.64 | elbo = -5.82 | total_time = 3.93s
Valid eval: log_prob = -406564.38 | xent(word) = 5.51 | ppl = 247.64 | elbo = -5.82 | total_time = 3.58s
Valid eval: log_prob = -406564.59 | xent(word) = 5.51 | ppl = 247.64 | elbo = -5.82 | total_time = 3.85s
Train epoch 56: log_prob = -4943742.00 | xent(word) = 5.32 | ppl = 204.02 | elbo = -5.60 | total_time = 156.80s
Valid epoch 56: log_prob = -406564.66 | xent(word) = 5.51 | ppl = 247.64 | elbo = -5.82 | total_time = 3.73s
Valid eval: log_prob = -406564.59 | xent(word) = 5.51 | ppl = 247.64 | elbo = -5.82 | total_time = 3.88s
Valid eval: log_prob = -406564.25 | xent(word) = 5.51 | ppl = 247.64 | elbo = -5.82 | total_time = 3.65s
Valid eval: log_prob = -406564.56 | xent(word) = 5.51 | ppl = 247.64 | elbo = -5.82 | total_time = 3.60s
Train epoch 57: log_prob = -4943742.00 | xent(word) = 5.32 | ppl = 204.02 | elbo = -5.60 | total_time = 156.15s
Valid epoch 57: log_prob = -406564.50 | xent(word) = 5.51 | ppl = 247.64 | elbo = -5.82 | total_time = 3.74s
Valid eval: log_prob = -406564.12 | xent(word) = 5.51 | ppl = 247.64 | elbo = -5.82 | total_time = 3.64s
Valid eval: log_prob = -406564.50 | xent(word) = 5.51 | ppl = 247.64 | elbo = -5.82 | total_time = 3.84s
Valid eval: log_prob = -406564.28 | xent(word) = 5.51 | ppl = 247.64 | elbo = -5.82 | total_time = 3.87s
Train epoch 58: log_prob = -4943751.50 | xent(word) = 5.32 | ppl = 204.02 | elbo = -5.60 | total_time = 156.52s
Valid epoch 58: log_prob = -406564.22 | xent(word) = 5.51 | ppl = 247.64 | elbo = -5.82 | total_time = 3.63s
Valid eval: log_prob = -406564.16 | xent(word) = 5.51 | ppl = 247.64 | elbo = -5.82 | total_time = 3.60s
Valid eval: log_prob = -406564.28 | xent(word) = 5.51 | ppl = 247.64 | elbo = -5.82 | total_time = 3.60s
Valid eval: log_prob = -406564.44 | xent(word) = 5.51 | ppl = 247.64 | elbo = -5.82 | total_time = 3.75s
Train epoch 59: log_prob = -4943736.50 | xent(word) = 5.32 | ppl = 204.02 | elbo = -5.60 | total_time = 155.90s
Valid epoch 59: log_prob = -406564.44 | xent(word) = 5.51 | ppl = 247.64 | elbo = -5.82 | total_time = 3.73s
Valid eval: log_prob = -406564.56 | xent(word) = 5.51 | ppl = 247.64 | elbo = -5.82 | total_time = 3.94s
Valid eval: log_prob = -406564.22 | xent(word) = 5.51 | ppl = 247.64 | elbo = -5.82 | total_time = 3.61s
Valid eval: log_prob = -406564.41 | xent(word) = 5.51 | ppl = 247.64 | elbo = -5.82 | total_time = 3.68s
Train epoch 60: log_prob = -4943757.50 | xent(word) = 5.32 | ppl = 204.02 | elbo = -5.60 | total_time = 156.98s
Valid epoch 60: log_prob = -406564.41 | xent(word) = 5.51 | ppl = 247.64 | elbo = -5.82 | total_time = 3.75s
Valid eval: log_prob = -406564.12 | xent(word) = 5.51 | ppl = 247.64 | elbo = -5.82 | total_time = 3.66s
Valid eval: log_prob = -406564.34 | xent(word) = 5.51 | ppl = 247.64 | elbo = -5.82 | total_time = 3.66s
Valid eval: log_prob = -406564.19 | xent(word) = 5.51 | ppl = 247.64 | elbo = -5.82 | total_time = 3.85s
Train epoch 61: log_prob = -4943742.00 | xent(word) = 5.32 | ppl = 204.02 | elbo = -5.60 | total_time = 156.98s
Valid epoch 61: log_prob = -406564.19 | xent(word) = 5.51 | ppl = 247.64 | elbo = -5.82 | total_time = 3.72s
Valid eval: log_prob = -406564.31 | xent(word) = 5.51 | ppl = 247.64 | elbo = -5.82 | total_time = 3.77s
Valid eval: log_prob = -406564.47 | xent(word) = 5.51 | ppl = 247.64 | elbo = -5.82 | total_time = 3.95s
Valid eval: log_prob = -406564.06 | xent(word) = 5.51 | ppl = 247.64 | elbo = -5.82 | total_time = 3.92s
Train epoch 62: log_prob = -4943737.50 | xent(word) = 5.32 | ppl = 204.02 | elbo = -5.60 | total_time = 156.90s
Valid epoch 62: log_prob = -406564.06 | xent(word) = 5.51 | ppl = 247.64 | elbo = -5.82 | total_time = 3.65s
Valid eval: log_prob = -406564.09 | xent(word) = 5.51 | ppl = 247.64 | elbo = -5.82 | total_time = 3.93s
Valid eval: log_prob = -406564.31 | xent(word) = 5.51 | ppl = 247.64 | elbo = -5.82 | total_time = 3.94s
Valid eval: log_prob = -406564.06 | xent(word) = 5.51 | ppl = 247.64 | elbo = -5.82 | total_time = 4.10s
Train epoch 63: log_prob = -4943752.50 | xent(word) = 5.32 | ppl = 204.02 | elbo = -5.60 | total_time = 157.28s
Valid epoch 63: log_prob = -406564.06 | xent(word) = 5.51 | ppl = 247.64 | elbo = -5.82 | total_time = 3.90s
Valid eval: log_prob = -406564.28 | xent(word) = 5.51 | ppl = 247.64 | elbo = -5.82 | total_time = 3.85s
Valid eval: log_prob = -406564.09 | xent(word) = 5.51 | ppl = 247.64 | elbo = -5.82 | total_time = 3.63s
Valid eval: log_prob = -406563.94 | xent(word) = 5.51 | ppl = 247.64 | elbo = -5.82 | total_time = 3.63s
Train epoch 64: log_prob = -4943741.50 | xent(word) = 5.32 | ppl = 204.02 | elbo = -5.60 | total_time = 156.87s
Valid epoch 64: log_prob = -406563.94 | xent(word) = 5.51 | ppl = 247.64 | elbo = -5.82 | total_time = 3.63s
Valid eval: log_prob = -406564.38 | xent(word) = 5.51 | ppl = 247.64 | elbo = -5.82 | total_time = 3.61s
Valid eval: log_prob = -406564.31 | xent(word) = 5.51 | ppl = 247.64 | elbo = -5.82 | total_time = 3.81s
Valid eval: log_prob = -406564.25 | xent(word) = 5.51 | ppl = 247.64 | elbo = -5.82 | total_time = 3.80s
Train epoch 65: log_prob = -4943750.50 | xent(word) = 5.32 | ppl = 204.02 | elbo = -5.60 | total_time = 156.87s
Valid epoch 65: log_prob = -406564.25 | xent(word) = 5.51 | ppl = 247.64 | elbo = -5.82 | total_time = 3.63s
Valid eval: log_prob = -406564.00 | xent(word) = 5.51 | ppl = 247.64 | elbo = -5.82 | total_time = 3.93s
Valid eval: log_prob = -406563.91 | xent(word) = 5.51 | ppl = 247.64 | elbo = -5.82 | total_time = 3.85s
Valid eval: log_prob = -406563.78 | xent(word) = 5.51 | ppl = 247.64 | elbo = -5.82 | total_time = 3.59s
Train epoch 66: log_prob = -4943745.50 | xent(word) = 5.32 | ppl = 204.02 | elbo = -5.60 | total_time = 156.47s
Valid epoch 66: log_prob = -406563.88 | xent(word) = 5.51 | ppl = 247.64 | elbo = -5.82 | total_time = 3.65s
Valid eval: log_prob = -406563.78 | xent(word) = 5.51 | ppl = 247.64 | elbo = -5.82 | total_time = 3.90s
Valid eval: log_prob = -406564.19 | xent(word) = 5.51 | ppl = 247.64 | elbo = -5.82 | total_time = 3.86s
Valid eval: log_prob = -406564.16 | xent(word) = 5.51 | ppl = 247.64 | elbo = -5.82 | total_time = 3.63s
Train epoch 67: log_prob = -4943742.50 | xent(word) = 5.32 | ppl = 204.02 | elbo = -5.60 | total_time = 156.33s
Valid epoch 67: log_prob = -406563.91 | xent(word) = 5.51 | ppl = 247.64 | elbo = -5.82 | total_time = 3.90s
Valid eval: log_prob = -406563.91 | xent(word) = 5.51 | ppl = 247.64 | elbo = -5.82 | total_time = 3.76s
Valid eval: log_prob = -406563.75 | xent(word) = 5.51 | ppl = 247.64 | elbo = -5.82 | total_time = 3.69s
Valid eval: log_prob = -406563.84 | xent(word) = 5.51 | ppl = 247.64 | elbo = -5.82 | total_time = 3.60s
Train epoch 68: log_prob = -4943748.00 | xent(word) = 5.32 | ppl = 204.02 | elbo = -5.60 | total_time = 155.88s
Valid epoch 68: log_prob = -406563.84 | xent(word) = 5.51 | ppl = 247.64 | elbo = -5.82 | total_time = 3.66s
Valid eval: log_prob = -406564.06 | xent(word) = 5.51 | ppl = 247.64 | elbo = -5.82 | total_time = 3.88s
Valid eval: log_prob = -406563.72 | xent(word) = 5.51 | ppl = 247.64 | elbo = -5.82 | total_time = 3.87s
Valid eval: log_prob = -406563.72 | xent(word) = 5.51 | ppl = 247.64 | elbo = -5.82 | total_time = 3.67s
Train epoch 69: log_prob = -4943758.50 | xent(word) = 5.32 | ppl = 204.02 | elbo = -5.60 | total_time = 156.88s
Valid epoch 69: log_prob = -406563.62 | xent(word) = 5.51 | ppl = 247.64 | elbo = -5.82 | total_time = 3.64s
Valid eval: log_prob = -406563.97 | xent(word) = 5.51 | ppl = 247.64 | elbo = -5.82 | total_time = 3.65s
Valid eval: log_prob = -406563.66 | xent(word) = 5.51 | ppl = 247.64 | elbo = -5.82 | total_time = 3.61s
Valid eval: log_prob = -406563.97 | xent(word) = 5.51 | ppl = 247.64 | elbo = -5.82 | total_time = 3.60s
Train epoch 70: log_prob = -4943765.50 | xent(word) = 5.32 | ppl = 204.02 | elbo = -5.60 | total_time = 156.56s
Valid epoch 70: log_prob = -406563.66 | xent(word) = 5.51 | ppl = 247.64 | elbo = -5.82 | total_time = 3.90s
Valid eval: log_prob = -406563.97 | xent(word) = 5.51 | ppl = 247.64 | elbo = -5.82 | total_time = 3.61s
Valid eval: log_prob = -406563.88 | xent(word) = 5.51 | ppl = 247.64 | elbo = -5.82 | total_time = 3.91s
Valid eval: log_prob = -406563.88 | xent(word) = 5.51 | ppl = 247.64 | elbo = -5.82 | total_time = 3.92s
Train epoch 71: log_prob = -4943730.00 | xent(word) = 5.32 | ppl = 204.01 | elbo = -5.60 | total_time = 156.80s
Valid epoch 71: log_prob = -406563.59 | xent(word) = 5.51 | ppl = 247.64 | elbo = -5.82 | total_time = 3.90s
Valid eval: log_prob = -406563.56 | xent(word) = 5.51 | ppl = 247.64 | elbo = -5.82 | total_time = 3.64s
Valid eval: log_prob = -406563.53 | xent(word) = 5.51 | ppl = 247.64 | elbo = -5.82 | total_time = 3.86s
Valid eval: log_prob = -406563.84 | xent(word) = 5.51 | ppl = 247.64 | elbo = -5.82 | total_time = 3.86s
Train epoch 72: log_prob = -4943743.50 | xent(word) = 5.32 | ppl = 204.02 | elbo = -5.60 | total_time = 156.56s
Valid epoch 72: log_prob = -406563.84 | xent(word) = 5.51 | ppl = 247.64 | elbo = -5.82 | total_time = 3.94s
Valid eval: log_prob = -406563.50 | xent(word) = 5.51 | ppl = 247.64 | elbo = -5.82 | total_time = 3.91s
Valid eval: log_prob = -406563.53 | xent(word) = 5.51 | ppl = 247.64 | elbo = -5.82 | total_time = 3.89s
Valid eval: log_prob = -406563.78 | xent(word) = 5.51 | ppl = 247.64 | elbo = -5.82 | total_time = 3.62s
Train epoch 73: log_prob = -4943755.00 | xent(word) = 5.32 | ppl = 204.02 | elbo = -5.60 | total_time = 157.10s
Valid epoch 73: log_prob = -406563.78 | xent(word) = 5.51 | ppl = 247.64 | elbo = -5.82 | total_time = 3.70s
Valid eval: log_prob = -406563.41 | xent(word) = 5.51 | ppl = 247.64 | elbo = -5.82 | total_time = 3.65s
Valid eval: log_prob = -406563.38 | xent(word) = 5.51 | ppl = 247.64 | elbo = -5.82 | total_time = 3.93s
Valid eval: log_prob = -406563.72 | xent(word) = 5.51 | ppl = 247.64 | elbo = -5.82 | total_time = 3.59s
Train epoch 74: log_prob = -4943758.00 | xent(word) = 5.32 | ppl = 204.02 | elbo = -5.60 | total_time = 156.73s
Valid epoch 74: log_prob = -406563.50 | xent(word) = 5.51 | ppl = 247.64 | elbo = -5.82 | total_time = 3.59s
Valid eval: log_prob = -406563.44 | xent(word) = 5.51 | ppl = 247.64 | elbo = -5.82 | total_time = 3.88s
Valid eval: log_prob = -406563.72 | xent(word) = 5.51 | ppl = 247.64 | elbo = -5.82 | total_time = 3.67s
Valid eval: log_prob = -406563.41 | xent(word) = 5.51 | ppl = 247.64 | elbo = -5.82 | total_time = 3.94s
Train epoch 75: log_prob = -4943746.50 | xent(word) = 5.32 | ppl = 204.02 | elbo = -5.60 | total_time = 156.65s
Valid epoch 75: log_prob = -406563.41 | xent(word) = 5.51 | ppl = 247.64 | elbo = -5.82 | total_time = 3.65s
Valid eval: log_prob = -406563.69 | xent(word) = 5.51 | ppl = 247.64 | elbo = -5.82 | total_time = 3.89s
Valid eval: log_prob = -406563.69 | xent(word) = 5.51 | ppl = 247.64 | elbo = -5.82 | total_time = 3.62s
Valid eval: log_prob = -406563.41 | xent(word) = 5.51 | ppl = 247.64 | elbo = -5.82 | total_time = 3.92s
Train epoch 76: log_prob = -4943737.00 | xent(word) = 5.32 | ppl = 204.02 | elbo = -5.60 | total_time = 156.85s
Valid epoch 76: log_prob = -406563.41 | xent(word) = 5.51 | ppl = 247.64 | elbo = -5.82 | total_time = 3.75s
Valid eval: log_prob = -406563.34 | xent(word) = 5.51 | ppl = 247.64 | elbo = -5.82 | total_time = 3.90s
Valid eval: log_prob = -406563.34 | xent(word) = 5.51 | ppl = 247.64 | elbo = -5.82 | total_time = 3.92s
Valid eval: log_prob = -406563.66 | xent(word) = 5.51 | ppl = 247.64 | elbo = -5.82 | total_time = 3.60s
Train epoch 77: log_prob = -4943742.00 | xent(word) = 5.32 | ppl = 204.02 | elbo = -5.60 | total_time = 156.42s
Valid epoch 77: log_prob = -406563.59 | xent(word) = 5.51 | ppl = 247.64 | elbo = -5.82 | total_time = 3.67s
Valid eval: log_prob = -406563.22 | xent(word) = 5.51 | ppl = 247.64 | elbo = -5.82 | total_time = 4.01s
Valid eval: log_prob = -406563.25 | xent(word) = 5.51 | ppl = 247.64 | elbo = -5.82 | total_time = 3.87s
Valid eval: log_prob = -406563.31 | xent(word) = 5.51 | ppl = 247.64 | elbo = -5.82 | total_time = 3.91s
Train epoch 78: log_prob = -4943738.50 | xent(word) = 5.32 | ppl = 204.02 | elbo = -5.60 | total_time = 157.01s
Valid epoch 78: log_prob = -406563.34 | xent(word) = 5.51 | ppl = 247.64 | elbo = -5.82 | total_time = 3.88s
Valid eval: log_prob = -406563.44 | xent(word) = 5.51 | ppl = 247.64 | elbo = -5.82 | total_time = 3.90s
Valid eval: log_prob = -406563.50 | xent(word) = 5.51 | ppl = 247.64 | elbo = -5.82 | total_time = 3.87s
Valid eval: log_prob = -406563.56 | xent(word) = 5.51 | ppl = 247.64 | elbo = -5.82 | total_time = 3.90s
Train epoch 79: log_prob = -4943741.00 | xent(word) = 5.32 | ppl = 204.02 | elbo = -5.60 | total_time = 157.12s
Valid epoch 79: log_prob = -406563.56 | xent(word) = 5.51 | ppl = 247.64 | elbo = -5.82 | total_time = 4.03s
Valid eval: log_prob = -406563.44 | xent(word) = 5.51 | ppl = 247.64 | elbo = -5.82 | total_time = 3.86s
Valid eval: log_prob = -406563.19 | xent(word) = 5.51 | ppl = 247.64 | elbo = -5.82 | total_time = 3.91s
Valid eval: log_prob = -406563.38 | xent(word) = 5.51 | ppl = 247.64 | elbo = -5.82 | total_time = 3.62s
Train epoch 80: log_prob = -4943736.50 | xent(word) = 5.32 | ppl = 204.02 | elbo = -5.60 | total_time = 156.27s
Valid epoch 80: log_prob = -406563.38 | xent(word) = 5.51 | ppl = 247.64 | elbo = -5.82 | total_time = 3.67s
Valid eval: log_prob = -406563.44 | xent(word) = 5.51 | ppl = 247.64 | elbo = -5.82 | total_time = 3.89s
Valid eval: log_prob = -406563.09 | xent(word) = 5.51 | ppl = 247.64 | elbo = -5.82 | total_time = 3.57s
Valid eval: log_prob = -406563.12 | xent(word) = 5.51 | ppl = 247.64 | elbo = -5.82 | total_time = 3.68s
Train epoch 81: log_prob = -4943741.00 | xent(word) = 5.32 | ppl = 204.02 | elbo = -5.60 | total_time = 155.93s
Valid epoch 81: log_prob = -406563.16 | xent(word) = 5.51 | ppl = 247.64 | elbo = -5.82 | total_time = 3.59s
Valid eval: log_prob = -406563.44 | xent(word) = 5.51 | ppl = 247.64 | elbo = -5.82 | total_time = 3.93s
Valid eval: log_prob = -406563.38 | xent(word) = 5.51 | ppl = 247.64 | elbo = -5.82 | total_time = 3.88s
Valid eval: log_prob = -406563.25 | xent(word) = 5.51 | ppl = 247.64 | elbo = -5.82 | total_time = 3.58s
Train epoch 82: log_prob = -4943747.00 | xent(word) = 5.32 | ppl = 204.02 | elbo = -5.60 | total_time = 156.24s
Valid epoch 82: log_prob = -406563.25 | xent(word) = 5.51 | ppl = 247.64 | elbo = -5.82 | total_time = 3.72s
Valid eval: log_prob = -406563.12 | xent(word) = 5.51 | ppl = 247.64 | elbo = -5.82 | total_time = 3.86s
Valid eval: log_prob = -406563.31 | xent(word) = 5.51 | ppl = 247.64 | elbo = -5.82 | total_time = 3.57s
Valid eval: log_prob = -406563.34 | xent(word) = 5.51 | ppl = 247.64 | elbo = -5.82 | total_time = 3.78s
Train epoch 83: log_prob = -4943738.00 | xent(word) = 5.32 | ppl = 204.02 | elbo = -5.60 | total_time = 156.35s
Valid epoch 83: log_prob = -406563.34 | xent(word) = 5.51 | ppl = 247.64 | elbo = -5.82 | total_time = 3.73s
Valid eval: log_prob = -406563.06 | xent(word) = 5.51 | ppl = 247.64 | elbo = -5.82 | total_time = 3.88s
Valid eval: log_prob = -406562.97 | xent(word) = 5.51 | ppl = 247.64 | elbo = -5.82 | total_time = 3.66s
Valid eval: log_prob = -406563.03 | xent(word) = 5.51 | ppl = 247.64 | elbo = -5.82 | total_time = 3.95s
Train epoch 84: log_prob = -4943736.50 | xent(word) = 5.32 | ppl = 204.02 | elbo = -5.60 | total_time = 157.85s
Valid epoch 84: log_prob = -406563.03 | xent(word) = 5.51 | ppl = 247.64 | elbo = -5.82 | total_time = 3.92s
Valid eval: log_prob = -406563.00 | xent(word) = 5.51 | ppl = 247.64 | elbo = -5.82 | total_time = 3.92s
Valid eval: log_prob = -406563.28 | xent(word) = 5.51 | ppl = 247.64 | elbo = -5.82 | total_time = 3.74s
Valid eval: log_prob = -406563.00 | xent(word) = 5.51 | ppl = 247.64 | elbo = -5.82 | total_time = 3.92s
Train epoch 85: log_prob = -4943746.50 | xent(word) = 5.32 | ppl = 204.02 | elbo = -5.60 | total_time = 157.01s
Valid epoch 85: log_prob = -406563.00 | xent(word) = 5.51 | ppl = 247.64 | elbo = -5.82 | total_time = 3.87s
Valid eval: log_prob = -406563.25 | xent(word) = 5.51 | ppl = 247.64 | elbo = -5.82 | total_time = 3.92s
Valid eval: log_prob = -406563.00 | xent(word) = 5.51 | ppl = 247.64 | elbo = -5.82 | total_time = 3.97s
Valid eval: log_prob = -406563.19 | xent(word) = 5.51 | ppl = 247.64 | elbo = -5.82 | total_time = 3.62s
Train epoch 86: log_prob = -4943736.00 | xent(word) = 5.32 | ppl = 204.02 | elbo = -5.60 | total_time = 157.20s
Valid epoch 86: log_prob = -406563.22 | xent(word) = 5.51 | ppl = 247.64 | elbo = -5.82 | total_time = 3.65s
Valid eval: log_prob = -406562.94 | xent(word) = 5.51 | ppl = 247.64 | elbo = -5.82 | total_time = 3.62s
Valid eval: log_prob = -406563.22 | xent(word) = 5.51 | ppl = 247.64 | elbo = -5.82 | total_time = 3.63s
Valid eval: log_prob = -406562.78 | xent(word) = 5.51 | ppl = 247.64 | elbo = -5.82 | total_time = 3.65s
Train epoch 87: log_prob = -4943752.00 | xent(word) = 5.32 | ppl = 204.02 | elbo = -5.60 | total_time = 156.19s
Valid epoch 87: log_prob = -406562.78 | xent(word) = 5.51 | ppl = 247.64 | elbo = -5.82 | total_time = 3.90s
Valid eval: log_prob = -406563.16 | xent(word) = 5.51 | ppl = 247.64 | elbo = -5.82 | total_time = 3.72s
Valid eval: log_prob = -406563.06 | xent(word) = 5.51 | ppl = 247.64 | elbo = -5.82 | total_time = 3.87s
Valid eval: log_prob = -406562.84 | xent(word) = 5.51 | ppl = 247.64 | elbo = -5.82 | total_time = 3.65s
Train epoch 88: log_prob = -4943751.00 | xent(word) = 5.32 | ppl = 204.02 | elbo = -5.60 | total_time = 156.37s
Valid epoch 88: log_prob = -406562.84 | xent(word) = 5.51 | ppl = 247.64 | elbo = -5.82 | total_time = 3.67s
Valid eval: log_prob = -406562.81 | xent(word) = 5.51 | ppl = 247.64 | elbo = -5.82 | total_time = 3.83s
Valid eval: log_prob = -406562.75 | xent(word) = 5.51 | ppl = 247.64 | elbo = -5.82 | total_time = 3.96s
Valid eval: log_prob = -406563.09 | xent(word) = 5.51 | ppl = 247.64 | elbo = -5.82 | total_time = 3.80s
Train epoch 89: log_prob = -4943744.00 | xent(word) = 5.32 | ppl = 204.02 | elbo = -5.60 | total_time = 158.19s
Valid epoch 89: log_prob = -406563.06 | xent(word) = 5.51 | ppl = 247.64 | elbo = -5.82 | total_time = 3.66s
Valid eval: log_prob = -406563.03 | xent(word) = 5.51 | ppl = 247.64 | elbo = -5.82 | total_time = 3.68s
Valid eval: log_prob = -406563.06 | xent(word) = 5.51 | ppl = 247.64 | elbo = -5.82 | total_time = 3.64s
Valid eval: log_prob = -406562.72 | xent(word) = 5.51 | ppl = 247.64 | elbo = -5.82 | total_time = 3.90s
Train epoch 90: log_prob = -4943752.50 | xent(word) = 5.32 | ppl = 204.02 | elbo = -5.60 | total_time = 156.39s
Valid epoch 90: log_prob = -406562.72 | xent(word) = 5.51 | ppl = 247.64 | elbo = -5.82 | total_time = 3.68s
Valid eval: log_prob = -406562.69 | xent(word) = 5.51 | ppl = 247.64 | elbo = -5.82 | total_time = 3.91s
Valid eval: log_prob = -406562.66 | xent(word) = 5.51 | ppl = 247.64 | elbo = -5.82 | total_time = 3.68s
Valid eval: log_prob = -406563.03 | xent(word) = 5.51 | ppl = 247.64 | elbo = -5.82 | total_time = 3.92s
Train epoch 91: log_prob = -4943757.50 | xent(word) = 5.32 | ppl = 204.02 | elbo = -5.60 | total_time = 157.00s
Valid epoch 91: log_prob = -406562.81 | xent(word) = 5.51 | ppl = 247.64 | elbo = -5.82 | total_time = 3.67s
Valid eval: log_prob = -406563.09 | xent(word) = 5.51 | ppl = 247.64 | elbo = -5.82 | total_time = 3.66s
Valid eval: log_prob = -406563.06 | xent(word) = 5.51 | ppl = 247.64 | elbo = -5.82 | total_time = 3.60s
Valid eval: log_prob = -406562.94 | xent(word) = 5.51 | ppl = 247.64 | elbo = -5.82 | total_time = 3.90s
Train epoch 92: log_prob = -4943743.50 | xent(word) = 5.32 | ppl = 204.02 | elbo = -5.60 | total_time = 156.61s
Valid epoch 92: log_prob = -406562.94 | xent(word) = 5.51 | ppl = 247.64 | elbo = -5.82 | total_time = 3.98s
Valid eval: log_prob = -406563.06 | xent(word) = 5.51 | ppl = 247.64 | elbo = -5.82 | total_time = 3.66s
Valid eval: log_prob = -406562.69 | xent(word) = 5.51 | ppl = 247.64 | elbo = -5.82 | total_time = 3.65s
Valid eval: log_prob = -406562.75 | xent(word) = 5.51 | ppl = 247.64 | elbo = -5.82 | total_time = 3.73s
Train epoch 93: log_prob = -4943743.50 | xent(word) = 5.32 | ppl = 204.02 | elbo = -5.60 | total_time = 156.41s
Valid epoch 93: log_prob = -406562.75 | xent(word) = 5.51 | ppl = 247.64 | elbo = -5.82 | total_time = 3.93s
Valid eval: log_prob = -406562.69 | xent(word) = 5.51 | ppl = 247.64 | elbo = -5.82 | total_time = 3.94s
Valid eval: log_prob = -406563.00 | xent(word) = 5.51 | ppl = 247.64 | elbo = -5.82 | total_time = 3.85s
Valid eval: log_prob = -406563.00 | xent(word) = 5.51 | ppl = 247.64 | elbo = -5.82 | total_time = 3.64s
Train epoch 94: log_prob = -4943739.00 | xent(word) = 5.32 | ppl = 204.02 | elbo = -5.60 | total_time = 156.94s
Valid epoch 94: log_prob = -406562.97 | xent(word) = 5.51 | ppl = 247.64 | elbo = -5.82 | total_time = 3.67s
Valid eval: log_prob = -406562.84 | xent(word) = 5.51 | ppl = 247.64 | elbo = -5.82 | total_time = 3.64s
Valid eval: log_prob = -406562.69 | xent(word) = 5.51 | ppl = 247.64 | elbo = -5.82 | total_time = 3.73s
Valid eval: log_prob = -406562.94 | xent(word) = 5.51 | ppl = 247.64 | elbo = -5.82 | total_time = 3.86s
Train epoch 95: log_prob = -4943730.00 | xent(word) = 5.32 | ppl = 204.01 | elbo = -5.60 | total_time = 156.34s
Valid epoch 95: log_prob = -406562.94 | xent(word) = 5.51 | ppl = 247.64 | elbo = -5.82 | total_time = 3.90s
Valid eval: log_prob = -406563.00 | xent(word) = 5.51 | ppl = 247.64 | elbo = -5.82 | total_time = 3.63s
Valid eval: log_prob = -406562.97 | xent(word) = 5.51 | ppl = 247.64 | elbo = -5.82 | total_time = 3.69s
Valid eval: log_prob = -406562.88 | xent(word) = 5.51 | ppl = 247.64 | elbo = -5.82 | total_time = 3.87s
Train epoch 96: log_prob = -4943746.00 | xent(word) = 5.32 | ppl = 204.02 | elbo = -5.60 | total_time = 156.69s
Valid epoch 96: log_prob = -406562.50 | xent(word) = 5.51 | ppl = 247.64 | elbo = -5.82 | total_time = 3.78s
Valid eval: log_prob = -406562.66 | xent(word) = 5.51 | ppl = 247.64 | elbo = -5.82 | total_time = 3.85s
Valid eval: log_prob = -406562.44 | xent(word) = 5.51 | ppl = 247.64 | elbo = -5.82 | total_time = 3.54s
Valid eval: log_prob = -406562.91 | xent(word) = 5.51 | ppl = 247.64 | elbo = -5.82 | total_time = 3.59s
Train epoch 97: log_prob = -4943742.50 | xent(word) = 5.32 | ppl = 204.02 | elbo = -5.60 | total_time = 155.69s
Valid epoch 97: log_prob = -406562.81 | xent(word) = 5.51 | ppl = 247.64 | elbo = -5.82 | total_time = 3.62s
Valid eval: log_prob = -406562.88 | xent(word) = 5.51 | ppl = 247.64 | elbo = -5.82 | total_time = 3.62s
Valid eval: log_prob = -406562.41 | xent(word) = 5.51 | ppl = 247.64 | elbo = -5.82 | total_time = 3.85s
Valid eval: log_prob = -406562.41 | xent(word) = 5.51 | ppl = 247.64 | elbo = -5.82 | total_time = 3.87s
Train epoch 98: log_prob = -4943730.50 | xent(word) = 5.32 | ppl = 204.01 | elbo = -5.60 | total_time = 156.93s
Valid epoch 98: log_prob = -406562.78 | xent(word) = 5.51 | ppl = 247.64 | elbo = -5.82 | total_time = 3.62s
Valid eval: log_prob = -406562.78 | xent(word) = 5.51 | ppl = 247.64 | elbo = -5.82 | total_time = 3.59s
Valid eval: log_prob = -406562.47 | xent(word) = 5.51 | ppl = 247.64 | elbo = -5.82 | total_time = 3.65s
Valid eval: log_prob = -406562.75 | xent(word) = 5.51 | ppl = 247.64 | elbo = -5.82 | total_time = 3.80s
Train epoch 99: log_prob = -4943748.50 | xent(word) = 5.32 | ppl = 204.02 | elbo = -5.60 | total_time = 156.07s
Valid epoch 99: log_prob = -406562.75 | xent(word) = 5.51 | ppl = 247.64 | elbo = -5.82 | total_time = 3.90s
