main.py --devid 0 --model-config configs/hmm-d512-k256.yaml --num-epochs 100 --bsz 4 --patience 8 --save hmm_b4_d512_k256_tvm
{'--bptt': '35',
 '--bsz': '4',
 '--clip': '5',
 '--decay': '4',
 '--devid': '0',
 '--eval-bsz': '1',
 '--lr': '1e-3',
 '--model-config': 'configs/hmm-d512-k256.yaml',
 '--num-checks': '4',
 '--num-epochs': '100',
 '--overfit': False,
 '--patience': '8',
 '--report-every': '5000',
 '--save': 'hmm_b4_d512_k256_tvm',
 '--seed': '1111'}
Traceback (most recent call last):

  File "main.py", line 198, in <module>
    main()

  File "main.py", line 128, in main
    model = HmmLm(V, model_config)

  File "/n/home13/jchiu/python/hmm-lm/models/hmmlm.py", line 40, in __init__
    ResidualLayer(config.hidden_dim, config.hidden_dim),

UnboundLocalError: local variable 'ResidualLayer' referenced before assignment

